[01m[K/home/sonia/orbslam3-tello-drone/src/tello_driver/src/tello_emulator.cpp:5:10:[m[K [01;31m[Kfatal error: [m[Kasio.hpp: No such file or directory
    5 | #include [01;31m[K<asio.hpp>[m[K
      |          [01;31m[K^~~~~~~~~~[m[K
compilation terminated.
make[2]: *** [CMakeFiles/tello_emulator.dir/build.make:63: CMakeFiles/tello_emulator.dir/src/tello_emulator.cpp.o] Error 1
make[1]: *** [CMakeFiles/Makefile2:167: CMakeFiles/tello_emulator.dir/all] Error 2
make[1]: *** Waiting for unfinished jobs....
In file included from [01m[K/home/sonia/orbslam3-tello-drone/src/tello_driver/src/state_socket.cpp:1[m[K:
[01m[K/home/sonia/orbslam3-tello-drone/src/tello_driver/include/tello_driver_node.hpp:1:10:[m[K [01;31m[Kfatal error: [m[Kasio.hpp: No such file or directory
    1 | #include [01;31m[K<asio.hpp>[m[K
      |          [01;31m[K^~~~~~~~~~[m[K
compilation terminated.
In file included from [01m[K/home/sonia/orbslam3-tello-drone/src/tello_driver/src/tello_socket.cpp:1[m[K:
[01m[K/home/sonia/orbslam3-tello-drone/src/tello_driver/include/tello_driver_node.hpp:1:10:[m[K [01;31m[Kfatal error: [m[Kasio.hpp: No such file or directory
    1 | #include [01;31m[K<asio.hpp>[m[K
      |          [01;31m[K^~~~~~~~~~[m[K
compilation terminated.
In file included from [01m[K/home/sonia/orbslam3-tello-drone/src/tello_driver/src/tello_driver_main.cpp:1[m[K:
[01m[K/home/sonia/orbslam3-tello-drone/src/tello_driver/include/tello_driver_node.hpp:1:10:[m[K [01;31m[Kfatal error: [m[Kasio.hpp: No such file or directory
    1 | #include [01;31m[K<asio.hpp>[m[K
      |          [01;31m[K^~~~~~~~~~[m[K
compilation terminated.
make[2]: *** [CMakeFiles/tello_driver_node.dir/build.make:76: CMakeFiles/tello_driver_node.dir/src/tello_socket.cpp.o] Error 1
make[2]: *** Waiting for unfinished jobs....
make[2]: *** [CMakeFiles/tello_driver_main.dir/build.make:63: CMakeFiles/tello_driver_main.dir/src/tello_driver_main.cpp.o] Error 1
make[2]: *** Waiting for unfinished jobs....
make[2]: *** [CMakeFiles/tello_driver_node.dir/build.make:102: CMakeFiles/tello_driver_node.dir/src/state_socket.cpp.o] Error 1
In file included from [01m[K/home/sonia/orbslam3-tello-drone/src/tello_driver/src/tello_driver_node.cpp:1[m[K:
[01m[K/home/sonia/orbslam3-tello-drone/src/tello_driver/include/tello_driver_node.hpp:1:10:[m[K [01;31m[Kfatal error: [m[Kasio.hpp: No such file or directory
    1 | #include [01;31m[K<asio.hpp>[m[K
      |          [01;31m[K^~~~~~~~~~[m[K
compilation terminated.
In file included from [01m[K/home/sonia/orbslam3-tello-drone/src/tello_driver/src/command_socket.cpp:1[m[K:
[01m[K/home/sonia/orbslam3-tello-drone/src/tello_driver/include/tello_driver_node.hpp:1:10:[m[K [01;31m[Kfatal error: [m[Kasio.hpp: No such file or directory
    1 | #include [01;31m[K<asio.hpp>[m[K
      |          [01;31m[K^~~~~~~~~~[m[K
compilation terminated.
make[2]: *** [CMakeFiles/tello_driver_node.dir/build.make:63: CMakeFiles/tello_driver_node.dir/src/tello_driver_node.cpp.o] Error 1
make[2]: *** [CMakeFiles/tello_driver_node.dir/build.make:89: CMakeFiles/tello_driver_node.dir/src/command_socket.cpp.o] Error 1
make[1]: *** [CMakeFiles/Makefile2:113: CMakeFiles/tello_driver_node.dir/all] Error 2
In file included from [01m[K/home/sonia/orbslam3-tello-drone/src/tello_driver/src/tello_driver_node.cpp:1[m[K:
[01m[K/home/sonia/orbslam3-tello-drone/src/tello_driver/include/tello_driver_node.hpp:1:10:[m[K [01;31m[Kfatal error: [m[Kasio.hpp: No such file or directory
    1 | #include [01;31m[K<asio.hpp>[m[K
      |          [01;31m[K^~~~~~~~~~[m[K
compilation terminated.
make[2]: *** [CMakeFiles/tello_driver_main.dir/build.make:76: CMakeFiles/tello_driver_main.dir/src/tello_driver_node.cpp.o] Error 1
make[1]: *** [CMakeFiles/Makefile2:140: CMakeFiles/tello_driver_main.dir/all] Error 2
make: *** [Makefile:141: all] Error 2
