-- The C compiler identification is GNU 9.4.0
-- The CXX compiler identification is GNU 9.4.0
-- Check for working C compiler: /usr/bin/cc
-- Check for working C compiler: /usr/bin/cc -- works
-- Detecting C compiler ABI info
-- Detecting C compiler ABI info - done
-- Detecting C compile features
-- Detecting C compile features - done
-- Check for working CXX compiler: /usr/bin/c++
-- Check for working CXX compiler: /usr/bin/c++ -- works
-- Detecting CXX compiler ABI info
-- Detecting CXX compiler ABI info - done
-- Detecting CXX compile features
-- Detecting CXX compile features - done
-- Found ament_cmake: 0.9.12 (/opt/ros/foxy/share/ament_cmake/cmake)
-- Found PythonInterp: /usr/bin/python3 (found suitable version "3.8.10", minimum required is "3") 
-- Using PYTHON_EXECUTABLE: /usr/bin/python3
-- Found camera_calibration_parsers: 2.4.0 (/opt/ros/foxy/share/camera_calibration_parsers/cmake)
-- Using all available rosidl_typesupport_c: rosidl_typesupport_fastrtps_c;rosidl_typesupport_introspection_c
-- Found rosidl_adapter: 1.3.1 (/opt/ros/foxy/share/rosidl_adapter/cmake)
-- Found OpenSSL: /usr/lib/x86_64-linux-gnu/libcrypto.so (found version "1.1.1f")  
-- Found FastRTPS: /opt/ros/foxy/include  
-- Using all available rosidl_typesupport_cpp: rosidl_typesupport_fastrtps_cpp;rosidl_typesupport_introspection_cpp
-- Found rmw_implementation_cmake: 1.0.4 (/opt/ros/foxy/share/rmw_implementation_cmake/cmake)
-- Using RMW implementation 'rmw_fastrtps_cpp' as default
-- Looking for pthread.h
-- Looking for pthread.h - found
-- Performing Test CMAKE_HAVE_LIBC_PTHREAD
-- Performing Test CMAKE_HAVE_LIBC_PTHREAD - Failed
-- Looking for pthread_create in pthreads
-- Looking for pthread_create in pthreads - not found
-- Looking for pthread_create in pthread
-- Looking for pthread_create in pthread - found
-- Found Threads: TRUE  
-- Setting yaml-cpp_DIR to: '/opt/ros/foxy/share/yaml_cpp_vendor/cmake/../../../opt/yaml_cpp_vendor/lib/cmake/yaml-cpp'
-- Found class_loader: 2.0.3 (/opt/ros/foxy/share/class_loader/cmake)
-- Found cv_bridge: 3.0.7 (/opt/ros/foxy/share/cv_bridge/cmake)
-- Found OpenCV: /usr (found version "4.2.0") 
-- Found rclcpp_components: 2.4.3 (/opt/ros/foxy/share/rclcpp_components/cmake)
-- Found ros2_shared: 0.1.0 (/home/sonia/orbslam3-tello-drone/src/install/ros2_shared/share/ros2_shared/cmake)
-- Found tello_msgs: 0.1.0 (/home/sonia/orbslam3-tello-drone/src/install/tello_msgs/share/tello_msgs/cmake)
-- Configuring done
-- Generating done
-- Build files have been written to: /home/sonia/orbslam3-tello-drone/src/build/tello_driver
[35m[1mScanning dependencies of target tello_emulator[0m
[35m[1mScanning dependencies of target tello_joy_main[0m
[35m[1mScanning dependencies of target tello_driver_node[0m
[35m[1mScanning dependencies of target tello_driver_main[0m
[35m[1mScanning dependencies of target tello_joy_node[0m
[  4%] [32mBuilding CXX object CMakeFiles/tello_emulator.dir/src/tello_emulator.cpp.o[0m
[  9%] [32mBuilding CXX object CMakeFiles/tello_joy_node.dir/src/tello_joy_node.cpp.o[0m
[ 18%] [32mBuilding CXX object CMakeFiles/tello_joy_main.dir/src/tello_joy_main.cpp.o[0m
[ 18%] [32mBuilding CXX object CMakeFiles/tello_joy_main.dir/src/tello_joy_node.cpp.o[0m
[ 22%] [32mBuilding CXX object CMakeFiles/tello_driver_node.dir/src/tello_driver_node.cpp.o[0m
[ 27%] [32mBuilding CXX object CMakeFiles/tello_driver_node.dir/src/state_socket.cpp.o[0m
[ 31%] [32mBuilding CXX object CMakeFiles/tello_driver_node.dir/src/tello_socket.cpp.o[0m
[ 36%] [32mBuilding CXX object CMakeFiles/tello_driver_main.dir/src/tello_driver_main.cpp.o[0m
[ 40%] [32mBuilding CXX object CMakeFiles/tello_driver_node.dir/src/command_socket.cpp.o[0m
[ 45%] [32mBuilding CXX object CMakeFiles/tello_driver_main.dir/src/tello_driver_node.cpp.o[0m
[ 50%] [32m[1mLinking CXX executable tello_joy_main[0m
[ 54%] [32m[1mLinking CXX shared library libtello_joy_node.so[0m
[ 54%] Built target tello_joy_node
[ 54%] Built target tello_joy_main
