[0.021s] Invoking command in '/home/sonia/orbslam3-tello-drone/build/tello_msgs': CMAKE_PREFIX_PATH=/opt/ros/foxy /usr/bin/cmake /home/sonia/orbslam3-tello-drone/tello_msgs -DCMAKE_INSTALL_PREFIX=/home/sonia/orbslam3-tello-drone/install/tello_msgs
[0.109s] -- The C compiler identification is GNU 9.4.0
[0.169s] -- The CXX compiler identification is GNU 9.4.0
[0.174s] -- Check for working C compiler: /usr/bin/cc
[0.311s] -- Check for working C compiler: /usr/bin/cc -- works
[0.313s] -- Detecting C compiler ABI info
[0.439s] -- Detecting C compiler ABI info - done
[0.461s] -- Detecting C compile features
[0.462s] -- Detecting C compile features - done
[0.466s] -- Check for working CXX compiler: /usr/bin/c++
[0.613s] -- Check for working CXX compiler: /usr/bin/c++ -- works
[0.615s] -- Detecting CXX compiler ABI info
[0.763s] -- Detecting CXX compiler ABI info - done
[0.775s] -- Detecting CXX compile features
[0.776s] -- Detecting CXX compile features - done
[0.778s] -- Found ament_cmake: 0.9.12 (/opt/ros/foxy/share/ament_cmake/cmake)
[0.803s] -- Found PythonInterp: /usr/bin/python3 (found suitable version "3.8.10", minimum required is "3") 
[0.804s] -- Using PYTHON_EXECUTABLE: /usr/bin/python3
[1.174s] -- Found ament_lint_auto: 0.9.8 (/opt/ros/foxy/share/ament_lint_auto/cmake)
[1.308s] -- Added test 'copyright' to check source files copyright and LICENSE
[1.311s] -- Added test 'lint_cmake' to check CMake code style
[1.313s] -- Added test 'xmllint' to check XML markup files
[1.317s] -- Configuring done
[1.320s] -- Generating done
[1.322s] -- Build files have been written to: /home/sonia/orbslam3-tello-drone/build/tello_msgs
[1.328s] Invoked command in '/home/sonia/orbslam3-tello-drone/build/tello_msgs' returned '0': CMAKE_PREFIX_PATH=/opt/ros/foxy /usr/bin/cmake /home/sonia/orbslam3-tello-drone/tello_msgs -DCMAKE_INSTALL_PREFIX=/home/sonia/orbslam3-tello-drone/install/tello_msgs
[1.333s] Invoking command in '/home/sonia/orbslam3-tello-drone/build/tello_msgs': CMAKE_PREFIX_PATH=/opt/ros/foxy /usr/bin/cmake --build /home/sonia/orbslam3-tello-drone/build/tello_msgs -- -j8 -l8
[1.388s] Invoked command in '/home/sonia/orbslam3-tello-drone/build/tello_msgs' returned '0': CMAKE_PREFIX_PATH=/opt/ros/foxy /usr/bin/cmake --build /home/sonia/orbslam3-tello-drone/build/tello_msgs -- -j8 -l8
[1.449s] Invoking command in '/home/sonia/orbslam3-tello-drone/build/tello_msgs': CMAKE_PREFIX_PATH=/opt/ros/foxy /usr/bin/cmake --install /home/sonia/orbslam3-tello-drone/build/tello_msgs
[1.464s] -- Install configuration: ""
[1.465s] -- Installing: /home/sonia/orbslam3-tello-drone/install/tello_msgs/share/ament_index/resource_index/package_run_dependencies/tello_msgs
[1.465s] -- Installing: /home/sonia/orbslam3-tello-drone/install/tello_msgs/share/ament_index/resource_index/parent_prefix_path/tello_msgs
[1.465s] -- Installing: /home/sonia/orbslam3-tello-drone/install/tello_msgs/share/tello_msgs/environment/ament_prefix_path.sh
[1.466s] -- Installing: /home/sonia/orbslam3-tello-drone/install/tello_msgs/share/tello_msgs/environment/ament_prefix_path.dsv
[1.466s] -- Installing: /home/sonia/orbslam3-tello-drone/install/tello_msgs/share/tello_msgs/environment/path.sh
[1.467s] -- Installing: /home/sonia/orbslam3-tello-drone/install/tello_msgs/share/tello_msgs/environment/path.dsv
[1.467s] -- Installing: /home/sonia/orbslam3-tello-drone/install/tello_msgs/share/tello_msgs/local_setup.bash
[1.467s] -- Installing: /home/sonia/orbslam3-tello-drone/install/tello_msgs/share/tello_msgs/local_setup.sh
[1.467s] -- Installing: /home/sonia/orbslam3-tello-drone/install/tello_msgs/share/tello_msgs/local_setup.zsh
[1.467s] -- Installing: /home/sonia/orbslam3-tello-drone/install/tello_msgs/share/tello_msgs/local_setup.dsv
[1.468s] -- Installing: /home/sonia/orbslam3-tello-drone/install/tello_msgs/share/tello_msgs/package.dsv
[1.468s] -- Installing: /home/sonia/orbslam3-tello-drone/install/tello_msgs/share/ament_index/resource_index/packages/tello_msgs
[1.468s] -- Installing: /home/sonia/orbslam3-tello-drone/install/tello_msgs/share/tello_msgs/cmake/tello_msgsConfig.cmake
[1.469s] -- Installing: /home/sonia/orbslam3-tello-drone/install/tello_msgs/share/tello_msgs/cmake/tello_msgsConfig-version.cmake
[1.469s] -- Installing: /home/sonia/orbslam3-tello-drone/install/tello_msgs/share/tello_msgs/package.xml
[1.473s] Invoked command in '/home/sonia/orbslam3-tello-drone/build/tello_msgs' returned '0': CMAKE_PREFIX_PATH=/opt/ros/foxy /usr/bin/cmake --install /home/sonia/orbslam3-tello-drone/build/tello_msgs
