[0.190s] DEBUG:colcon:Command line arguments: ['/usr/bin/colcon', 'build']
[0.190s] DEBUG:colcon:Parsed command line arguments: Namespace(allow_overriding=[], ament_cmake_args=None, base_paths=['.'], build_base='build', catkin_cmake_args=None, catkin_skip_building_tests=False, cmake_args=None, cmake_clean_cache=False, cmake_clean_first=False, cmake_force_configure=False, cmake_target=None, cmake_target_skip_unavailable=False, continue_on_error=False, event_handlers=None, executor='parallel', ignore_user_meta=False, install_base='install', log_base=None, log_level=None, main=<bound method BuildVerb.main of <colcon_core.verb.build.BuildVerb object at 0x7f1f7f5182b0>>, merge_install=False, metas=['./colcon.meta'], packages_above=None, packages_above_and_dependencies=None, packages_above_depth=None, packages_end=None, packages_ignore=None, packages_ignore_regex=None, packages_select=None, packages_select_build_failed=False, packages_select_by_dep=None, packages_select_regex=None, packages_select_test_failures=False, packages_skip=None, packages_skip_build_finished=False, packages_skip_by_dep=None, packages_skip_regex=None, packages_skip_test_passed=False, packages_skip_up_to=None, packages_start=None, packages_up_to=None, packages_up_to_regex=None, parallel_workers=8, paths=None, symlink_install=False, test_result_base=None, verb_extension=<colcon_core.verb.build.BuildVerb object at 0x7f1f7f5182b0>, verb_name='build', verb_parser=<colcon_defaults.argument_parser.defaults.DefaultArgumentsDecorator object at 0x7f1f7f421040>)
[0.333s] Level 1:colcon.colcon_core.package_discovery:discover_packages(colcon_meta) check parameters
[0.333s] Level 1:colcon.colcon_core.package_discovery:discover_packages(recursive) check parameters
[0.333s] Level 1:colcon.colcon_core.package_discovery:discover_packages(ignore) check parameters
[0.333s] Level 1:colcon.colcon_core.package_discovery:discover_packages(path) check parameters
[0.334s] Level 1:colcon.colcon_core.package_discovery:discover_packages(colcon_meta) discover
[0.334s] Level 1:colcon.colcon_core.package_discovery:discover_packages(recursive) discover
[0.334s] INFO:colcon.colcon_core.package_discovery:Crawling recursively for packages in '/home/sonia/orbslam3-tello-drone'
[0.334s] Level 1:colcon.colcon_core.package_identification:_identify(.) by extensions ['ignore', 'ignore_ament_install']
[0.334s] Level 1:colcon.colcon_core.package_identification:_identify(.) by extension 'ignore'
[0.334s] Level 1:colcon.colcon_core.package_identification:_identify(.) by extension 'ignore_ament_install'
[0.334s] Level 1:colcon.colcon_core.package_identification:_identify(.) by extensions ['colcon_pkg']
[0.334s] Level 1:colcon.colcon_core.package_identification:_identify(.) by extension 'colcon_pkg'
[0.334s] Level 1:colcon.colcon_core.package_identification:_identify(.) by extensions ['colcon_meta']
[0.334s] Level 1:colcon.colcon_core.package_identification:_identify(.) by extension 'colcon_meta'
[0.334s] Level 1:colcon.colcon_core.package_identification:_identify(.) by extensions ['ros']
[0.334s] Level 1:colcon.colcon_core.package_identification:_identify(.) by extension 'ros'
[0.344s] Level 1:colcon.colcon_core.package_identification:_identify(.) by extensions ['cmake', 'python']
[0.345s] Level 1:colcon.colcon_core.package_identification:_identify(.) by extension 'cmake'
[0.345s] Level 1:colcon.colcon_core.package_identification:_identify(.) by extension 'python'
[0.345s] Level 1:colcon.colcon_core.package_identification:_identify(.) by extensions ['python_setup_py']
[0.345s] Level 1:colcon.colcon_core.package_identification:_identify(.) by extension 'python_setup_py'
[0.345s] Level 1:colcon.colcon_core.package_identification:_identify(build) by extensions ['ignore', 'ignore_ament_install']
[0.345s] Level 1:colcon.colcon_core.package_identification:_identify(build) by extension 'ignore'
[0.345s] Level 1:colcon.colcon_core.package_identification:_identify(build) ignored
[0.345s] Level 1:colcon.colcon_core.package_identification:_identify(install) by extensions ['ignore', 'ignore_ament_install']
[0.345s] Level 1:colcon.colcon_core.package_identification:_identify(install) by extension 'ignore'
[0.345s] Level 1:colcon.colcon_core.package_identification:_identify(install) ignored
[0.345s] Level 1:colcon.colcon_core.package_identification:_identify(log) by extensions ['ignore', 'ignore_ament_install']
[0.345s] Level 1:colcon.colcon_core.package_identification:_identify(log) by extension 'ignore'
[0.345s] Level 1:colcon.colcon_core.package_identification:_identify(log) ignored
[0.345s] Level 1:colcon.colcon_core.package_identification:_identify(src) by extensions ['ignore', 'ignore_ament_install']
[0.346s] Level 1:colcon.colcon_core.package_identification:_identify(src) by extension 'ignore'
[0.346s] Level 1:colcon.colcon_core.package_identification:_identify(src) by extension 'ignore_ament_install'
[0.346s] Level 1:colcon.colcon_core.package_identification:_identify(src) by extensions ['colcon_pkg']
[0.346s] Level 1:colcon.colcon_core.package_identification:_identify(src) by extension 'colcon_pkg'
[0.346s] Level 1:colcon.colcon_core.package_identification:_identify(src) by extensions ['colcon_meta']
[0.346s] Level 1:colcon.colcon_core.package_identification:_identify(src) by extension 'colcon_meta'
[0.346s] Level 1:colcon.colcon_core.package_identification:_identify(src) by extensions ['ros']
[0.346s] Level 1:colcon.colcon_core.package_identification:_identify(src) by extension 'ros'
[0.346s] Level 1:colcon.colcon_core.package_identification:_identify(src) by extensions ['cmake', 'python']
[0.346s] Level 1:colcon.colcon_core.package_identification:_identify(src) by extension 'cmake'
[0.346s] Level 1:colcon.colcon_core.package_identification:_identify(src) by extension 'python'
[0.346s] Level 1:colcon.colcon_core.package_identification:_identify(src) by extensions ['python_setup_py']
[0.346s] Level 1:colcon.colcon_core.package_identification:_identify(src) by extension 'python_setup_py'
[0.346s] Level 1:colcon.colcon_core.package_identification:_identify(src/tello_driver) by extensions ['ignore', 'ignore_ament_install']
[0.346s] Level 1:colcon.colcon_core.package_identification:_identify(src/tello_driver) by extension 'ignore'
[0.346s] Level 1:colcon.colcon_core.package_identification:_identify(src/tello_driver) by extension 'ignore_ament_install'
[0.346s] Level 1:colcon.colcon_core.package_identification:_identify(src/tello_driver) by extensions ['colcon_pkg']
[0.346s] Level 1:colcon.colcon_core.package_identification:_identify(src/tello_driver) by extension 'colcon_pkg'
[0.346s] Level 1:colcon.colcon_core.package_identification:_identify(src/tello_driver) by extensions ['colcon_meta']
[0.346s] Level 1:colcon.colcon_core.package_identification:_identify(src/tello_driver) by extension 'colcon_meta'
[0.347s] Level 1:colcon.colcon_core.package_identification:_identify(src/tello_driver) by extensions ['ros']
[0.347s] Level 1:colcon.colcon_core.package_identification:_identify(src/tello_driver) by extension 'ros'
[0.349s] DEBUG:colcon.colcon_core.package_identification:Package 'src/tello_driver' with type 'ros.ament_cmake' and name 'tello_driver'
[0.349s] Level 1:colcon.colcon_core.package_discovery:discover_packages(recursive) using defaults
[0.349s] Level 1:colcon.colcon_core.package_discovery:discover_packages(ignore) discover
[0.349s] Level 1:colcon.colcon_core.package_discovery:discover_packages(ignore) using defaults
[0.349s] Level 1:colcon.colcon_core.package_discovery:discover_packages(path) discover
[0.349s] Level 1:colcon.colcon_core.package_discovery:discover_packages(path) using defaults
[0.363s] Level 1:colcon.colcon_core.package_discovery:discover_packages(prefix_path) check parameters
[0.363s] Level 1:colcon.colcon_core.package_discovery:discover_packages(prefix_path) discover
[0.365s] DEBUG:colcon.colcon_installed_package_information.package_discovery:Found 272 installed packages in /opt/ros/foxy
[0.366s] Level 1:colcon.colcon_core.package_discovery:discover_packages(prefix_path) using defaults
[0.443s] Level 5:colcon.colcon_core.verb:set package 'tello_driver' build argument 'cmake_args' from command line to 'None'
[0.443s] Level 5:colcon.colcon_core.verb:set package 'tello_driver' build argument 'cmake_target' from command line to 'None'
[0.443s] Level 5:colcon.colcon_core.verb:set package 'tello_driver' build argument 'cmake_target_skip_unavailable' from command line to 'False'
[0.443s] Level 5:colcon.colcon_core.verb:set package 'tello_driver' build argument 'cmake_clean_cache' from command line to 'False'
[0.444s] Level 5:colcon.colcon_core.verb:set package 'tello_driver' build argument 'cmake_clean_first' from command line to 'False'
[0.444s] Level 5:colcon.colcon_core.verb:set package 'tello_driver' build argument 'cmake_force_configure' from command line to 'False'
[0.444s] Level 5:colcon.colcon_core.verb:set package 'tello_driver' build argument 'ament_cmake_args' from command line to 'None'
[0.444s] Level 5:colcon.colcon_core.verb:set package 'tello_driver' build argument 'catkin_cmake_args' from command line to 'None'
[0.444s] Level 5:colcon.colcon_core.verb:set package 'tello_driver' build argument 'catkin_skip_building_tests' from command line to 'False'
[0.444s] DEBUG:colcon.colcon_core.verb:Building package 'tello_driver' with the following arguments: {'ament_cmake_args': None, 'build_base': '/home/sonia/orbslam3-tello-drone/build/tello_driver', 'catkin_cmake_args': None, 'catkin_skip_building_tests': False, 'cmake_args': None, 'cmake_clean_cache': False, 'cmake_clean_first': False, 'cmake_force_configure': False, 'cmake_target': None, 'cmake_target_skip_unavailable': False, 'install_base': '/home/sonia/orbslam3-tello-drone/install/tello_driver', 'merge_install': False, 'path': '/home/sonia/orbslam3-tello-drone/src/tello_driver', 'symlink_install': False, 'test_result_base': None}
[0.444s] INFO:colcon.colcon_core.executor:Executing jobs using 'parallel' executor
[0.445s] DEBUG:colcon.colcon_parallel_executor.executor.parallel:run_until_complete
[0.445s] INFO:colcon.colcon_ros.task.ament_cmake.build:Building ROS package in '/home/sonia/orbslam3-tello-drone/src/tello_driver' with build type 'ament_cmake'
[0.445s] INFO:colcon.colcon_cmake.task.cmake.build:Building CMake package in '/home/sonia/orbslam3-tello-drone/src/tello_driver'
[0.447s] INFO:colcon.colcon_core.plugin_system:Skipping extension 'colcon_core.shell.bat': Not used on non-Windows systems
[0.447s] INFO:colcon.colcon_core.shell:Skip shell extension 'powershell' for command environment: Not usable outside of PowerShell
[0.447s] DEBUG:colcon.colcon_core.shell:Skip shell extension 'dsv' for command environment
[0.455s] DEBUG:colcon.colcon_core.event_handler.log_command:Invoking command in '/home/sonia/orbslam3-tello-drone/build/tello_driver': CMAKE_PREFIX_PATH=/opt/ros/foxy /usr/bin/cmake /home/sonia/orbslam3-tello-drone/src/tello_driver -DCMAKE_INSTALL_PREFIX=/home/sonia/orbslam3-tello-drone/install/tello_driver
[1.838s] DEBUG:colcon.colcon_core.event_handler.log_command:Invoked command in '/home/sonia/orbslam3-tello-drone/build/tello_driver' returned '0': CMAKE_PREFIX_PATH=/opt/ros/foxy /usr/bin/cmake /home/sonia/orbslam3-tello-drone/src/tello_driver -DCMAKE_INSTALL_PREFIX=/home/sonia/orbslam3-tello-drone/install/tello_driver
[1.842s] DEBUG:colcon.colcon_core.event_handler.log_command:Invoking command in '/home/sonia/orbslam3-tello-drone/build/tello_driver': CMAKE_PREFIX_PATH=/opt/ros/foxy /usr/bin/cmake --build /home/sonia/orbslam3-tello-drone/build/tello_driver -- -j8 -l8
[1.891s] DEBUG:colcon.colcon_core.event_handler.log_command:Invoked command in '/home/sonia/orbslam3-tello-drone/build/tello_driver' returned '0': CMAKE_PREFIX_PATH=/opt/ros/foxy /usr/bin/cmake --build /home/sonia/orbslam3-tello-drone/build/tello_driver -- -j8 -l8
[1.953s] DEBUG:colcon.colcon_core.event_handler.log_command:Invoking command in '/home/sonia/orbslam3-tello-drone/build/tello_driver': CMAKE_PREFIX_PATH=/opt/ros/foxy /usr/bin/cmake --install /home/sonia/orbslam3-tello-drone/build/tello_driver
[1.975s] Level 1:colcon.colcon_core.environment:create_environment_scripts_only(tello_driver)
[1.976s] DEBUG:colcon.colcon_core.event_handler.log_command:Invoked command in '/home/sonia/orbslam3-tello-drone/build/tello_driver' returned '0': CMAKE_PREFIX_PATH=/opt/ros/foxy /usr/bin/cmake --install /home/sonia/orbslam3-tello-drone/build/tello_driver
[1.981s] Level 1:colcon.colcon_core.environment:checking '/home/sonia/orbslam3-tello-drone/install/tello_driver' for CMake module files
[1.982s] Level 1:colcon.colcon_core.environment:checking '/home/sonia/orbslam3-tello-drone/install/tello_driver' for CMake config files
[1.982s] Level 1:colcon.colcon_core.shell:create_environment_hook('tello_driver', 'cmake_prefix_path')
[1.982s] INFO:colcon.colcon_core.shell:Creating environment hook '/home/sonia/orbslam3-tello-drone/install/tello_driver/share/tello_driver/hook/cmake_prefix_path.ps1'
[1.984s] INFO:colcon.colcon_core.shell:Creating environment descriptor '/home/sonia/orbslam3-tello-drone/install/tello_driver/share/tello_driver/hook/cmake_prefix_path.dsv'
[1.984s] INFO:colcon.colcon_core.shell:Creating environment hook '/home/sonia/orbslam3-tello-drone/install/tello_driver/share/tello_driver/hook/cmake_prefix_path.sh'
[1.986s] Level 1:colcon.colcon_core.environment:checking '/home/sonia/orbslam3-tello-drone/install/tello_driver/bin'
[1.986s] Level 1:colcon.colcon_core.environment:checking '/home/sonia/orbslam3-tello-drone/install/tello_driver/lib/pkgconfig/tello_driver.pc'
[1.987s] Level 1:colcon.colcon_core.environment:checking '/home/sonia/orbslam3-tello-drone/install/tello_driver/lib/python3.8/site-packages'
[1.987s] Level 1:colcon.colcon_core.environment:checking '/home/sonia/orbslam3-tello-drone/install/tello_driver/bin'
[1.987s] INFO:colcon.colcon_core.shell:Creating package script '/home/sonia/orbslam3-tello-drone/install/tello_driver/share/tello_driver/package.ps1'
[1.989s] INFO:colcon.colcon_core.shell:Creating package descriptor '/home/sonia/orbslam3-tello-drone/install/tello_driver/share/tello_driver/package.dsv'
[1.990s] INFO:colcon.colcon_core.shell:Creating package script '/home/sonia/orbslam3-tello-drone/install/tello_driver/share/tello_driver/package.sh'
[1.991s] INFO:colcon.colcon_core.shell:Creating package script '/home/sonia/orbslam3-tello-drone/install/tello_driver/share/tello_driver/package.bash'
[1.992s] INFO:colcon.colcon_core.shell:Creating package script '/home/sonia/orbslam3-tello-drone/install/tello_driver/share/tello_driver/package.zsh'
[1.993s] Level 1:colcon.colcon_core.environment:create_file_with_runtime_dependencies(/home/sonia/orbslam3-tello-drone/install/tello_driver/share/colcon-core/packages/tello_driver)
[2.033s] Level 1:colcon.colcon_core.environment:create_environment_scripts_only(tello_driver)
[2.033s] Level 1:colcon.colcon_core.environment:checking '/home/sonia/orbslam3-tello-drone/install/tello_driver' for CMake module files
[2.034s] Level 1:colcon.colcon_core.environment:checking '/home/sonia/orbslam3-tello-drone/install/tello_driver' for CMake config files
[2.034s] Level 1:colcon.colcon_core.shell:create_environment_hook('tello_driver', 'cmake_prefix_path')
[2.035s] INFO:colcon.colcon_core.shell:Creating environment hook '/home/sonia/orbslam3-tello-drone/install/tello_driver/share/tello_driver/hook/cmake_prefix_path.ps1'
[2.036s] INFO:colcon.colcon_core.shell:Creating environment descriptor '/home/sonia/orbslam3-tello-drone/install/tello_driver/share/tello_driver/hook/cmake_prefix_path.dsv'
[2.036s] INFO:colcon.colcon_core.shell:Creating environment hook '/home/sonia/orbslam3-tello-drone/install/tello_driver/share/tello_driver/hook/cmake_prefix_path.sh'
[2.037s] Level 1:colcon.colcon_core.environment:checking '/home/sonia/orbslam3-tello-drone/install/tello_driver/bin'
[2.037s] Level 1:colcon.colcon_core.environment:checking '/home/sonia/orbslam3-tello-drone/install/tello_driver/lib/pkgconfig/tello_driver.pc'
[2.038s] Level 1:colcon.colcon_core.environment:checking '/home/sonia/orbslam3-tello-drone/install/tello_driver/lib/python3.8/site-packages'
[2.038s] Level 1:colcon.colcon_core.environment:checking '/home/sonia/orbslam3-tello-drone/install/tello_driver/bin'
[2.039s] INFO:colcon.colcon_core.shell:Creating package script '/home/sonia/orbslam3-tello-drone/install/tello_driver/share/tello_driver/package.ps1'
[2.040s] INFO:colcon.colcon_core.shell:Creating package descriptor '/home/sonia/orbslam3-tello-drone/install/tello_driver/share/tello_driver/package.dsv'
[2.041s] INFO:colcon.colcon_core.shell:Creating package script '/home/sonia/orbslam3-tello-drone/install/tello_driver/share/tello_driver/package.sh'
[2.041s] INFO:colcon.colcon_core.shell:Creating package script '/home/sonia/orbslam3-tello-drone/install/tello_driver/share/tello_driver/package.bash'
[2.042s] INFO:colcon.colcon_core.shell:Creating package script '/home/sonia/orbslam3-tello-drone/install/tello_driver/share/tello_driver/package.zsh'
[2.043s] Level 1:colcon.colcon_core.environment:create_file_with_runtime_dependencies(/home/sonia/orbslam3-tello-drone/install/tello_driver/share/colcon-core/packages/tello_driver)
[2.043s] DEBUG:colcon.colcon_parallel_executor.executor.parallel:closing loop
[2.044s] DEBUG:colcon.colcon_parallel_executor.executor.parallel:loop closed
[2.044s] DEBUG:colcon.colcon_parallel_executor.executor.parallel:run_until_complete finished with '0'
[2.044s] DEBUG:colcon.colcon_core.event_reactor:joining thread
[2.055s] INFO:colcon.colcon_core.plugin_system:Skipping extension 'colcon_notification.desktop_notification.terminal_notifier': Not used on non-Darwin systems
[2.055s] INFO:colcon.colcon_core.plugin_system:Skipping extension 'colcon_notification.desktop_notification.win32': Not used on non-Windows systems
[2.055s] INFO:colcon.colcon_notification.desktop_notification:Sending desktop notification using 'notify2'
[2.083s] DEBUG:colcon.colcon_core.event_reactor:joined thread
[2.084s] INFO:colcon.colcon_core.shell:Creating prefix script '/home/sonia/orbslam3-tello-drone/install/local_setup.ps1'
[2.085s] INFO:colcon.colcon_core.shell:Creating prefix util module '/home/sonia/orbslam3-tello-drone/install/_local_setup_util_ps1.py'
[2.087s] INFO:colcon.colcon_core.shell:Creating prefix chain script '/home/sonia/orbslam3-tello-drone/install/setup.ps1'
[2.088s] INFO:colcon.colcon_core.shell:Creating prefix script '/home/sonia/orbslam3-tello-drone/install/local_setup.sh'
[2.089s] INFO:colcon.colcon_core.shell:Creating prefix util module '/home/sonia/orbslam3-tello-drone/install/_local_setup_util_sh.py'
[2.089s] INFO:colcon.colcon_core.shell:Creating prefix chain script '/home/sonia/orbslam3-tello-drone/install/setup.sh'
[2.090s] INFO:colcon.colcon_core.shell:Creating prefix script '/home/sonia/orbslam3-tello-drone/install/local_setup.bash'
[2.091s] INFO:colcon.colcon_core.shell:Creating prefix chain script '/home/sonia/orbslam3-tello-drone/install/setup.bash'
[2.092s] INFO:colcon.colcon_core.shell:Creating prefix script '/home/sonia/orbslam3-tello-drone/install/local_setup.zsh'
[2.092s] INFO:colcon.colcon_core.shell:Creating prefix chain script '/home/sonia/orbslam3-tello-drone/install/setup.zsh'
