[0.374s] DEBUG:colcon:Command line arguments: ['/usr/bin/colcon', 'build']
[0.374s] DEBUG:colcon:Parsed command line arguments: Namespace(allow_overriding=[], ament_cmake_args=None, base_paths=['.'], build_base='build', catkin_cmake_args=None, catkin_skip_building_tests=False, cmake_args=None, cmake_clean_cache=False, cmake_clean_first=False, cmake_force_configure=False, cmake_target=None, cmake_target_skip_unavailable=False, continue_on_error=False, event_handlers=None, executor='parallel', ignore_user_meta=False, install_base='install', log_base=None, log_level=None, main=<bound method BuildVerb.main of <colcon_core.verb.build.BuildVerb object at 0x7fd8f02cd2b0>>, merge_install=False, metas=['./colcon.meta'], packages_above=None, packages_above_and_dependencies=None, packages_above_depth=None, packages_end=None, packages_ignore=None, packages_ignore_regex=None, packages_select=None, packages_select_build_failed=False, packages_select_by_dep=None, packages_select_regex=None, packages_select_test_failures=False, packages_skip=None, packages_skip_build_finished=False, packages_skip_by_dep=None, packages_skip_regex=None, packages_skip_test_passed=False, packages_skip_up_to=None, packages_start=None, packages_up_to=None, packages_up_to_regex=None, parallel_workers=8, paths=None, symlink_install=False, test_result_base=None, verb_extension=<colcon_core.verb.build.BuildVerb object at 0x7fd8f02cd2b0>, verb_name='build', verb_parser=<colcon_defaults.argument_parser.defaults.DefaultArgumentsDecorator object at 0x7fd8f01d6040>)
[0.671s] Level 1:colcon.colcon_core.package_discovery:discover_packages(colcon_meta) check parameters
[0.672s] Level 1:colcon.colcon_core.package_discovery:discover_packages(recursive) check parameters
[0.672s] Level 1:colcon.colcon_core.package_discovery:discover_packages(ignore) check parameters
[0.672s] Level 1:colcon.colcon_core.package_discovery:discover_packages(path) check parameters
[0.672s] Level 1:colcon.colcon_core.package_discovery:discover_packages(colcon_meta) discover
[0.672s] Level 1:colcon.colcon_core.package_discovery:discover_packages(recursive) discover
[0.672s] INFO:colcon.colcon_core.package_discovery:Crawling recursively for packages in '/home/sonia/orbslam3-tello-drone/src'
[0.672s] Level 1:colcon.colcon_core.package_identification:_identify(.) by extensions ['ignore', 'ignore_ament_install']
[0.672s] Level 1:colcon.colcon_core.package_identification:_identify(.) by extension 'ignore'
[0.673s] Level 1:colcon.colcon_core.package_identification:_identify(.) by extension 'ignore_ament_install'
[0.673s] Level 1:colcon.colcon_core.package_identification:_identify(.) by extensions ['colcon_pkg']
[0.673s] Level 1:colcon.colcon_core.package_identification:_identify(.) by extension 'colcon_pkg'
[0.673s] Level 1:colcon.colcon_core.package_identification:_identify(.) by extensions ['colcon_meta']
[0.673s] Level 1:colcon.colcon_core.package_identification:_identify(.) by extension 'colcon_meta'
[0.673s] Level 1:colcon.colcon_core.package_identification:_identify(.) by extensions ['ros']
[0.673s] Level 1:colcon.colcon_core.package_identification:_identify(.) by extension 'ros'
[0.694s] Level 1:colcon.colcon_core.package_identification:_identify(.) by extensions ['cmake', 'python']
[0.695s] Level 1:colcon.colcon_core.package_identification:_identify(.) by extension 'cmake'
[0.695s] Level 1:colcon.colcon_core.package_identification:_identify(.) by extension 'python'
[0.695s] Level 1:colcon.colcon_core.package_identification:_identify(.) by extensions ['python_setup_py']
[0.695s] Level 1:colcon.colcon_core.package_identification:_identify(.) by extension 'python_setup_py'
[0.695s] Level 1:colcon.colcon_core.package_identification:_identify(build) by extensions ['ignore', 'ignore_ament_install']
[0.695s] Level 1:colcon.colcon_core.package_identification:_identify(build) by extension 'ignore'
[0.695s] Level 1:colcon.colcon_core.package_identification:_identify(build) ignored
[0.696s] Level 1:colcon.colcon_core.package_identification:_identify(install) by extensions ['ignore', 'ignore_ament_install']
[0.696s] Level 1:colcon.colcon_core.package_identification:_identify(install) by extension 'ignore'
[0.696s] Level 1:colcon.colcon_core.package_identification:_identify(install) ignored
[0.696s] Level 1:colcon.colcon_core.package_identification:_identify(log) by extensions ['ignore', 'ignore_ament_install']
[0.696s] Level 1:colcon.colcon_core.package_identification:_identify(log) by extension 'ignore'
[0.696s] Level 1:colcon.colcon_core.package_identification:_identify(log) ignored
[0.696s] Level 1:colcon.colcon_core.package_identification:_identify(ros2_shared) by extensions ['ignore', 'ignore_ament_install']
[0.697s] Level 1:colcon.colcon_core.package_identification:_identify(ros2_shared) by extension 'ignore'
[0.697s] Level 1:colcon.colcon_core.package_identification:_identify(ros2_shared) by extension 'ignore_ament_install'
[0.697s] Level 1:colcon.colcon_core.package_identification:_identify(ros2_shared) by extensions ['colcon_pkg']
[0.697s] Level 1:colcon.colcon_core.package_identification:_identify(ros2_shared) by extension 'colcon_pkg'
[0.697s] Level 1:colcon.colcon_core.package_identification:_identify(ros2_shared) by extensions ['colcon_meta']
[0.697s] Level 1:colcon.colcon_core.package_identification:_identify(ros2_shared) by extension 'colcon_meta'
[0.697s] Level 1:colcon.colcon_core.package_identification:_identify(ros2_shared) by extensions ['ros']
[0.697s] Level 1:colcon.colcon_core.package_identification:_identify(ros2_shared) by extension 'ros'
[0.701s] DEBUG:colcon.colcon_core.package_identification:Package 'ros2_shared' with type 'ros.ament_cmake' and name 'ros2_shared'
[0.702s] Level 1:colcon.colcon_core.package_identification:_identify(tello_driver) by extensions ['ignore', 'ignore_ament_install']
[0.702s] Level 1:colcon.colcon_core.package_identification:_identify(tello_driver) by extension 'ignore'
[0.702s] Level 1:colcon.colcon_core.package_identification:_identify(tello_driver) by extension 'ignore_ament_install'
[0.702s] Level 1:colcon.colcon_core.package_identification:_identify(tello_driver) by extensions ['colcon_pkg']
[0.702s] Level 1:colcon.colcon_core.package_identification:_identify(tello_driver) by extension 'colcon_pkg'
[0.702s] Level 1:colcon.colcon_core.package_identification:_identify(tello_driver) by extensions ['colcon_meta']
[0.702s] Level 1:colcon.colcon_core.package_identification:_identify(tello_driver) by extension 'colcon_meta'
[0.702s] Level 1:colcon.colcon_core.package_identification:_identify(tello_driver) by extensions ['ros']
[0.702s] Level 1:colcon.colcon_core.package_identification:_identify(tello_driver) by extension 'ros'
[0.705s] DEBUG:colcon.colcon_core.package_identification:Package 'tello_driver' with type 'ros.ament_cmake' and name 'tello_driver'
[0.705s] Level 1:colcon.colcon_core.package_identification:_identify(tello_msgs) by extensions ['ignore', 'ignore_ament_install']
[0.705s] Level 1:colcon.colcon_core.package_identification:_identify(tello_msgs) by extension 'ignore'
[0.705s] Level 1:colcon.colcon_core.package_identification:_identify(tello_msgs) by extension 'ignore_ament_install'
[0.705s] Level 1:colcon.colcon_core.package_identification:_identify(tello_msgs) by extensions ['colcon_pkg']
[0.705s] Level 1:colcon.colcon_core.package_identification:_identify(tello_msgs) by extension 'colcon_pkg'
[0.705s] Level 1:colcon.colcon_core.package_identification:_identify(tello_msgs) by extensions ['colcon_meta']
[0.706s] Level 1:colcon.colcon_core.package_identification:_identify(tello_msgs) by extension 'colcon_meta'
[0.706s] Level 1:colcon.colcon_core.package_identification:_identify(tello_msgs) by extensions ['ros']
[0.706s] Level 1:colcon.colcon_core.package_identification:_identify(tello_msgs) by extension 'ros'
[0.707s] DEBUG:colcon.colcon_core.package_identification:Package 'tello_msgs' with type 'ros.ament_cmake' and name 'tello_msgs'
[0.707s] Level 1:colcon.colcon_core.package_discovery:discover_packages(recursive) using defaults
[0.707s] Level 1:colcon.colcon_core.package_discovery:discover_packages(ignore) discover
[0.707s] Level 1:colcon.colcon_core.package_discovery:discover_packages(ignore) using defaults
[0.707s] Level 1:colcon.colcon_core.package_discovery:discover_packages(path) discover
[0.707s] Level 1:colcon.colcon_core.package_discovery:discover_packages(path) using defaults
[0.736s] Level 1:colcon.colcon_core.package_discovery:discover_packages(prefix_path) check parameters
[0.736s] Level 1:colcon.colcon_core.package_discovery:discover_packages(prefix_path) discover
[0.741s] DEBUG:colcon.colcon_installed_package_information.package_discovery:Found 272 installed packages in /opt/ros/foxy
[0.744s] Level 1:colcon.colcon_core.package_discovery:discover_packages(prefix_path) using defaults
[0.880s] Level 5:colcon.colcon_core.verb:set package 'ros2_shared' build argument 'cmake_args' from command line to 'None'
[0.880s] Level 5:colcon.colcon_core.verb:set package 'ros2_shared' build argument 'cmake_target' from command line to 'None'
[0.880s] Level 5:colcon.colcon_core.verb:set package 'ros2_shared' build argument 'cmake_target_skip_unavailable' from command line to 'False'
[0.880s] Level 5:colcon.colcon_core.verb:set package 'ros2_shared' build argument 'cmake_clean_cache' from command line to 'False'
[0.880s] Level 5:colcon.colcon_core.verb:set package 'ros2_shared' build argument 'cmake_clean_first' from command line to 'False'
[0.880s] Level 5:colcon.colcon_core.verb:set package 'ros2_shared' build argument 'cmake_force_configure' from command line to 'False'
[0.880s] Level 5:colcon.colcon_core.verb:set package 'ros2_shared' build argument 'ament_cmake_args' from command line to 'None'
[0.880s] Level 5:colcon.colcon_core.verb:set package 'ros2_shared' build argument 'catkin_cmake_args' from command line to 'None'
[0.881s] Level 5:colcon.colcon_core.verb:set package 'ros2_shared' build argument 'catkin_skip_building_tests' from command line to 'False'
[0.881s] DEBUG:colcon.colcon_core.verb:Building package 'ros2_shared' with the following arguments: {'ament_cmake_args': None, 'build_base': '/home/sonia/orbslam3-tello-drone/src/build/ros2_shared', 'catkin_cmake_args': None, 'catkin_skip_building_tests': False, 'cmake_args': None, 'cmake_clean_cache': False, 'cmake_clean_first': False, 'cmake_force_configure': False, 'cmake_target': None, 'cmake_target_skip_unavailable': False, 'install_base': '/home/sonia/orbslam3-tello-drone/src/install/ros2_shared', 'merge_install': False, 'path': '/home/sonia/orbslam3-tello-drone/src/ros2_shared', 'symlink_install': False, 'test_result_base': None}
[0.881s] Level 5:colcon.colcon_core.verb:set package 'tello_msgs' build argument 'cmake_args' from command line to 'None'
[0.881s] Level 5:colcon.colcon_core.verb:set package 'tello_msgs' build argument 'cmake_target' from command line to 'None'
[0.881s] Level 5:colcon.colcon_core.verb:set package 'tello_msgs' build argument 'cmake_target_skip_unavailable' from command line to 'False'
[0.881s] Level 5:colcon.colcon_core.verb:set package 'tello_msgs' build argument 'cmake_clean_cache' from command line to 'False'
[0.882s] Level 5:colcon.colcon_core.verb:set package 'tello_msgs' build argument 'cmake_clean_first' from command line to 'False'
[0.882s] Level 5:colcon.colcon_core.verb:set package 'tello_msgs' build argument 'cmake_force_configure' from command line to 'False'
[0.882s] Level 5:colcon.colcon_core.verb:set package 'tello_msgs' build argument 'ament_cmake_args' from command line to 'None'
[0.882s] Level 5:colcon.colcon_core.verb:set package 'tello_msgs' build argument 'catkin_cmake_args' from command line to 'None'
[0.882s] Level 5:colcon.colcon_core.verb:set package 'tello_msgs' build argument 'catkin_skip_building_tests' from command line to 'False'
[0.882s] DEBUG:colcon.colcon_core.verb:Building package 'tello_msgs' with the following arguments: {'ament_cmake_args': None, 'build_base': '/home/sonia/orbslam3-tello-drone/src/build/tello_msgs', 'catkin_cmake_args': None, 'catkin_skip_building_tests': False, 'cmake_args': None, 'cmake_clean_cache': False, 'cmake_clean_first': False, 'cmake_force_configure': False, 'cmake_target': None, 'cmake_target_skip_unavailable': False, 'install_base': '/home/sonia/orbslam3-tello-drone/src/install/tello_msgs', 'merge_install': False, 'path': '/home/sonia/orbslam3-tello-drone/src/tello_msgs', 'symlink_install': False, 'test_result_base': None}
[0.883s] Level 5:colcon.colcon_core.verb:set package 'tello_driver' build argument 'cmake_args' from command line to 'None'
[0.883s] Level 5:colcon.colcon_core.verb:set package 'tello_driver' build argument 'cmake_target' from command line to 'None'
[0.883s] Level 5:colcon.colcon_core.verb:set package 'tello_driver' build argument 'cmake_target_skip_unavailable' from command line to 'False'
[0.883s] Level 5:colcon.colcon_core.verb:set package 'tello_driver' build argument 'cmake_clean_cache' from command line to 'False'
[0.883s] Level 5:colcon.colcon_core.verb:set package 'tello_driver' build argument 'cmake_clean_first' from command line to 'False'
[0.883s] Level 5:colcon.colcon_core.verb:set package 'tello_driver' build argument 'cmake_force_configure' from command line to 'False'
[0.883s] Level 5:colcon.colcon_core.verb:set package 'tello_driver' build argument 'ament_cmake_args' from command line to 'None'
[0.883s] Level 5:colcon.colcon_core.verb:set package 'tello_driver' build argument 'catkin_cmake_args' from command line to 'None'
[0.883s] Level 5:colcon.colcon_core.verb:set package 'tello_driver' build argument 'catkin_skip_building_tests' from command line to 'False'
[0.883s] DEBUG:colcon.colcon_core.verb:Building package 'tello_driver' with the following arguments: {'ament_cmake_args': None, 'build_base': '/home/sonia/orbslam3-tello-drone/src/build/tello_driver', 'catkin_cmake_args': None, 'catkin_skip_building_tests': False, 'cmake_args': None, 'cmake_clean_cache': False, 'cmake_clean_first': False, 'cmake_force_configure': False, 'cmake_target': None, 'cmake_target_skip_unavailable': False, 'install_base': '/home/sonia/orbslam3-tello-drone/src/install/tello_driver', 'merge_install': False, 'path': '/home/sonia/orbslam3-tello-drone/src/tello_driver', 'symlink_install': False, 'test_result_base': None}
[0.883s] INFO:colcon.colcon_core.executor:Executing jobs using 'parallel' executor
[0.885s] DEBUG:colcon.colcon_parallel_executor.executor.parallel:run_until_complete
[0.885s] INFO:colcon.colcon_ros.task.ament_cmake.build:Building ROS package in '/home/sonia/orbslam3-tello-drone/src/ros2_shared' with build type 'ament_cmake'
[0.885s] INFO:colcon.colcon_cmake.task.cmake.build:Building CMake package in '/home/sonia/orbslam3-tello-drone/src/ros2_shared'
[0.889s] INFO:colcon.colcon_core.plugin_system:Skipping extension 'colcon_core.shell.bat': Not used on non-Windows systems
[0.889s] INFO:colcon.colcon_core.shell:Skip shell extension 'powershell' for command environment: Not usable outside of PowerShell
[0.889s] DEBUG:colcon.colcon_core.shell:Skip shell extension 'dsv' for command environment
[0.897s] INFO:colcon.colcon_ros.task.ament_cmake.build:Building ROS package in '/home/sonia/orbslam3-tello-drone/src/tello_msgs' with build type 'ament_cmake'
[0.897s] INFO:colcon.colcon_cmake.task.cmake.build:Building CMake package in '/home/sonia/orbslam3-tello-drone/src/tello_msgs'
[0.898s] INFO:colcon.colcon_core.shell:Skip shell extension 'powershell' for command environment: Not usable outside of PowerShell
[0.898s] DEBUG:colcon.colcon_core.shell:Skip shell extension 'dsv' for command environment
[0.918s] DEBUG:colcon.colcon_core.event_handler.log_command:Invoking command in '/home/sonia/orbslam3-tello-drone/src/build/ros2_shared': CMAKE_PREFIX_PATH=/opt/ros/foxy /usr/bin/cmake /home/sonia/orbslam3-tello-drone/src/ros2_shared -DCMAKE_INSTALL_PREFIX=/home/sonia/orbslam3-tello-drone/src/install/ros2_shared
[0.927s] DEBUG:colcon.colcon_core.event_handler.log_command:Invoking command in '/home/sonia/orbslam3-tello-drone/src/build/tello_msgs': CMAKE_PREFIX_PATH=/opt/ros/foxy /usr/bin/cmake /home/sonia/orbslam3-tello-drone/src/tello_msgs -DCMAKE_INSTALL_PREFIX=/home/sonia/orbslam3-tello-drone/src/install/tello_msgs
[3.061s] DEBUG:colcon.colcon_core.event_handler.log_command:Invoked command in '/home/sonia/orbslam3-tello-drone/src/build/ros2_shared' returned '0': CMAKE_PREFIX_PATH=/opt/ros/foxy /usr/bin/cmake /home/sonia/orbslam3-tello-drone/src/ros2_shared -DCMAKE_INSTALL_PREFIX=/home/sonia/orbslam3-tello-drone/src/install/ros2_shared
[3.065s] DEBUG:colcon.colcon_core.event_handler.log_command:Invoking command in '/home/sonia/orbslam3-tello-drone/src/build/ros2_shared': CMAKE_PREFIX_PATH=/opt/ros/foxy /usr/bin/cmake --build /home/sonia/orbslam3-tello-drone/src/build/ros2_shared -- -j8 -l8
[3.113s] DEBUG:colcon.colcon_core.event_handler.log_command:Invoked command in '/home/sonia/orbslam3-tello-drone/src/build/ros2_shared' returned '0': CMAKE_PREFIX_PATH=/opt/ros/foxy /usr/bin/cmake --build /home/sonia/orbslam3-tello-drone/src/build/ros2_shared -- -j8 -l8
[3.161s] DEBUG:colcon.colcon_core.event_handler.log_command:Invoking command in '/home/sonia/orbslam3-tello-drone/src/build/ros2_shared': CMAKE_PREFIX_PATH=/opt/ros/foxy /usr/bin/cmake --install /home/sonia/orbslam3-tello-drone/src/build/ros2_shared
[3.186s] Level 1:colcon.colcon_core.environment:create_environment_scripts_only(ros2_shared)
[3.188s] DEBUG:colcon.colcon_core.event_handler.log_command:Invoked command in '/home/sonia/orbslam3-tello-drone/src/build/ros2_shared' returned '0': CMAKE_PREFIX_PATH=/opt/ros/foxy /usr/bin/cmake --install /home/sonia/orbslam3-tello-drone/src/build/ros2_shared
[3.193s] Level 1:colcon.colcon_core.environment:checking '/home/sonia/orbslam3-tello-drone/src/install/ros2_shared' for CMake module files
[3.194s] Level 1:colcon.colcon_core.environment:checking '/home/sonia/orbslam3-tello-drone/src/install/ros2_shared' for CMake config files
[3.194s] Level 1:colcon.colcon_core.shell:create_environment_hook('ros2_shared', 'cmake_prefix_path')
[3.195s] INFO:colcon.colcon_core.shell:Creating environment hook '/home/sonia/orbslam3-tello-drone/src/install/ros2_shared/share/ros2_shared/hook/cmake_prefix_path.ps1'
[3.196s] INFO:colcon.colcon_core.shell:Creating environment descriptor '/home/sonia/orbslam3-tello-drone/src/install/ros2_shared/share/ros2_shared/hook/cmake_prefix_path.dsv'
[3.197s] INFO:colcon.colcon_core.shell:Creating environment hook '/home/sonia/orbslam3-tello-drone/src/install/ros2_shared/share/ros2_shared/hook/cmake_prefix_path.sh'
[3.199s] Level 1:colcon.colcon_core.environment:checking '/home/sonia/orbslam3-tello-drone/src/install/ros2_shared/bin'
[3.199s] Level 1:colcon.colcon_core.environment:checking '/home/sonia/orbslam3-tello-drone/src/install/ros2_shared/lib/pkgconfig/ros2_shared.pc'
[3.199s] Level 1:colcon.colcon_core.environment:checking '/home/sonia/orbslam3-tello-drone/src/install/ros2_shared/lib/python3.8/site-packages'
[3.200s] Level 1:colcon.colcon_core.environment:checking '/home/sonia/orbslam3-tello-drone/src/install/ros2_shared/bin'
[3.200s] INFO:colcon.colcon_core.shell:Creating package script '/home/sonia/orbslam3-tello-drone/src/install/ros2_shared/share/ros2_shared/package.ps1'
[3.202s] INFO:colcon.colcon_core.shell:Creating package descriptor '/home/sonia/orbslam3-tello-drone/src/install/ros2_shared/share/ros2_shared/package.dsv'
[3.203s] INFO:colcon.colcon_core.shell:Creating package script '/home/sonia/orbslam3-tello-drone/src/install/ros2_shared/share/ros2_shared/package.sh'
[3.204s] INFO:colcon.colcon_core.shell:Creating package script '/home/sonia/orbslam3-tello-drone/src/install/ros2_shared/share/ros2_shared/package.bash'
[3.206s] INFO:colcon.colcon_core.shell:Creating package script '/home/sonia/orbslam3-tello-drone/src/install/ros2_shared/share/ros2_shared/package.zsh'
[3.207s] Level 1:colcon.colcon_core.environment:create_file_with_runtime_dependencies(/home/sonia/orbslam3-tello-drone/src/install/ros2_shared/share/colcon-core/packages/ros2_shared)
[3.241s] Level 1:colcon.colcon_core.environment:create_environment_scripts_only(ros2_shared)
[3.242s] Level 1:colcon.colcon_core.environment:checking '/home/sonia/orbslam3-tello-drone/src/install/ros2_shared' for CMake module files
[3.242s] Level 1:colcon.colcon_core.environment:checking '/home/sonia/orbslam3-tello-drone/src/install/ros2_shared' for CMake config files
[3.243s] Level 1:colcon.colcon_core.shell:create_environment_hook('ros2_shared', 'cmake_prefix_path')
[3.243s] INFO:colcon.colcon_core.shell:Creating environment hook '/home/sonia/orbslam3-tello-drone/src/install/ros2_shared/share/ros2_shared/hook/cmake_prefix_path.ps1'
[3.244s] INFO:colcon.colcon_core.shell:Creating environment descriptor '/home/sonia/orbslam3-tello-drone/src/install/ros2_shared/share/ros2_shared/hook/cmake_prefix_path.dsv'
[3.244s] INFO:colcon.colcon_core.shell:Creating environment hook '/home/sonia/orbslam3-tello-drone/src/install/ros2_shared/share/ros2_shared/hook/cmake_prefix_path.sh'
[3.245s] Level 1:colcon.colcon_core.environment:checking '/home/sonia/orbslam3-tello-drone/src/install/ros2_shared/bin'
[3.245s] Level 1:colcon.colcon_core.environment:checking '/home/sonia/orbslam3-tello-drone/src/install/ros2_shared/lib/pkgconfig/ros2_shared.pc'
[3.245s] Level 1:colcon.colcon_core.environment:checking '/home/sonia/orbslam3-tello-drone/src/install/ros2_shared/lib/python3.8/site-packages'
[3.245s] Level 1:colcon.colcon_core.environment:checking '/home/sonia/orbslam3-tello-drone/src/install/ros2_shared/bin'
[3.246s] INFO:colcon.colcon_core.shell:Creating package script '/home/sonia/orbslam3-tello-drone/src/install/ros2_shared/share/ros2_shared/package.ps1'
[3.246s] INFO:colcon.colcon_core.shell:Creating package descriptor '/home/sonia/orbslam3-tello-drone/src/install/ros2_shared/share/ros2_shared/package.dsv'
[3.247s] INFO:colcon.colcon_core.shell:Creating package script '/home/sonia/orbslam3-tello-drone/src/install/ros2_shared/share/ros2_shared/package.sh'
[3.247s] INFO:colcon.colcon_core.shell:Creating package script '/home/sonia/orbslam3-tello-drone/src/install/ros2_shared/share/ros2_shared/package.bash'
[3.248s] INFO:colcon.colcon_core.shell:Creating package script '/home/sonia/orbslam3-tello-drone/src/install/ros2_shared/share/ros2_shared/package.zsh'
[3.248s] Level 1:colcon.colcon_core.environment:create_file_with_runtime_dependencies(/home/sonia/orbslam3-tello-drone/src/install/ros2_shared/share/colcon-core/packages/ros2_shared)
[4.518s] DEBUG:colcon.colcon_core.event_handler.log_command:Invoked command in '/home/sonia/orbslam3-tello-drone/src/build/tello_msgs' returned '0': CMAKE_PREFIX_PATH=/opt/ros/foxy /usr/bin/cmake /home/sonia/orbslam3-tello-drone/src/tello_msgs -DCMAKE_INSTALL_PREFIX=/home/sonia/orbslam3-tello-drone/src/install/tello_msgs
[4.522s] DEBUG:colcon.colcon_core.event_handler.log_command:Invoking command in '/home/sonia/orbslam3-tello-drone/src/build/tello_msgs': CMAKE_PREFIX_PATH=/opt/ros/foxy /usr/bin/cmake --build /home/sonia/orbslam3-tello-drone/src/build/tello_msgs -- -j8 -l8
[14.652s] DEBUG:colcon.colcon_core.event_handler.log_command:Invoked command in '/home/sonia/orbslam3-tello-drone/src/build/tello_msgs' returned '0': CMAKE_PREFIX_PATH=/opt/ros/foxy /usr/bin/cmake --build /home/sonia/orbslam3-tello-drone/src/build/tello_msgs -- -j8 -l8
[14.741s] DEBUG:colcon.colcon_core.event_handler.log_command:Invoking command in '/home/sonia/orbslam3-tello-drone/src/build/tello_msgs': CMAKE_PREFIX_PATH=/opt/ros/foxy /usr/bin/cmake --install /home/sonia/orbslam3-tello-drone/src/build/tello_msgs
[14.853s] Level 1:colcon.colcon_core.environment:create_environment_scripts_only(tello_msgs)
[14.854s] Level 1:colcon.colcon_core.environment:checking '/home/sonia/orbslam3-tello-drone/src/install/tello_msgs' for CMake module files
[14.855s] DEBUG:colcon.colcon_core.event_handler.log_command:Invoked command in '/home/sonia/orbslam3-tello-drone/src/build/tello_msgs' returned '0': CMAKE_PREFIX_PATH=/opt/ros/foxy /usr/bin/cmake --install /home/sonia/orbslam3-tello-drone/src/build/tello_msgs
[14.856s] Level 1:colcon.colcon_core.environment:checking '/home/sonia/orbslam3-tello-drone/src/install/tello_msgs' for CMake config files
[14.856s] Level 1:colcon.colcon_core.shell:create_environment_hook('tello_msgs', 'cmake_prefix_path')
[14.857s] INFO:colcon.colcon_core.shell:Creating environment hook '/home/sonia/orbslam3-tello-drone/src/install/tello_msgs/share/tello_msgs/hook/cmake_prefix_path.ps1'
[14.858s] INFO:colcon.colcon_core.shell:Creating environment descriptor '/home/sonia/orbslam3-tello-drone/src/install/tello_msgs/share/tello_msgs/hook/cmake_prefix_path.dsv'
[14.858s] INFO:colcon.colcon_core.shell:Creating environment hook '/home/sonia/orbslam3-tello-drone/src/install/tello_msgs/share/tello_msgs/hook/cmake_prefix_path.sh'
[14.859s] Level 1:colcon.colcon_core.environment:checking '/home/sonia/orbslam3-tello-drone/src/install/tello_msgs/lib'
[14.860s] Level 1:colcon.colcon_core.shell:create_environment_hook('tello_msgs', 'ld_library_path_lib')
[14.860s] INFO:colcon.colcon_core.shell:Creating environment hook '/home/sonia/orbslam3-tello-drone/src/install/tello_msgs/share/tello_msgs/hook/ld_library_path_lib.ps1'
[14.861s] INFO:colcon.colcon_core.shell:Creating environment descriptor '/home/sonia/orbslam3-tello-drone/src/install/tello_msgs/share/tello_msgs/hook/ld_library_path_lib.dsv'
[14.861s] INFO:colcon.colcon_core.shell:Creating environment hook '/home/sonia/orbslam3-tello-drone/src/install/tello_msgs/share/tello_msgs/hook/ld_library_path_lib.sh'
[14.862s] Level 1:colcon.colcon_core.environment:checking '/home/sonia/orbslam3-tello-drone/src/install/tello_msgs/bin'
[14.862s] Level 1:colcon.colcon_core.environment:checking '/home/sonia/orbslam3-tello-drone/src/install/tello_msgs/lib/pkgconfig/tello_msgs.pc'
[14.863s] Level 1:colcon.colcon_core.environment:checking '/home/sonia/orbslam3-tello-drone/src/install/tello_msgs/lib/python3.8/site-packages'
[14.863s] Level 1:colcon.colcon_core.shell:create_environment_hook('tello_msgs', 'pythonpath')
[14.863s] INFO:colcon.colcon_core.shell:Creating environment hook '/home/sonia/orbslam3-tello-drone/src/install/tello_msgs/share/tello_msgs/hook/pythonpath.ps1'
[14.864s] INFO:colcon.colcon_core.shell:Creating environment descriptor '/home/sonia/orbslam3-tello-drone/src/install/tello_msgs/share/tello_msgs/hook/pythonpath.dsv'
[14.864s] INFO:colcon.colcon_core.shell:Creating environment hook '/home/sonia/orbslam3-tello-drone/src/install/tello_msgs/share/tello_msgs/hook/pythonpath.sh'
[14.865s] Level 1:colcon.colcon_core.environment:checking '/home/sonia/orbslam3-tello-drone/src/install/tello_msgs/bin'
[14.866s] INFO:colcon.colcon_core.shell:Creating package script '/home/sonia/orbslam3-tello-drone/src/install/tello_msgs/share/tello_msgs/package.ps1'
[14.867s] INFO:colcon.colcon_core.shell:Creating package descriptor '/home/sonia/orbslam3-tello-drone/src/install/tello_msgs/share/tello_msgs/package.dsv'
[14.868s] INFO:colcon.colcon_core.shell:Creating package script '/home/sonia/orbslam3-tello-drone/src/install/tello_msgs/share/tello_msgs/package.sh'
[14.869s] INFO:colcon.colcon_core.shell:Creating package script '/home/sonia/orbslam3-tello-drone/src/install/tello_msgs/share/tello_msgs/package.bash'
[14.869s] INFO:colcon.colcon_core.shell:Creating package script '/home/sonia/orbslam3-tello-drone/src/install/tello_msgs/share/tello_msgs/package.zsh'
[14.870s] Level 1:colcon.colcon_core.environment:create_file_with_runtime_dependencies(/home/sonia/orbslam3-tello-drone/src/install/tello_msgs/share/colcon-core/packages/tello_msgs)
[15.022s] Level 1:colcon.colcon_core.environment:create_environment_scripts_only(tello_msgs)
[15.023s] Level 1:colcon.colcon_core.environment:checking '/home/sonia/orbslam3-tello-drone/src/install/tello_msgs' for CMake module files
[15.024s] Level 1:colcon.colcon_core.environment:checking '/home/sonia/orbslam3-tello-drone/src/install/tello_msgs' for CMake config files
[15.024s] Level 1:colcon.colcon_core.shell:create_environment_hook('tello_msgs', 'cmake_prefix_path')
[15.025s] INFO:colcon.colcon_core.shell:Creating environment hook '/home/sonia/orbslam3-tello-drone/src/install/tello_msgs/share/tello_msgs/hook/cmake_prefix_path.ps1'
[15.026s] INFO:colcon.colcon_core.shell:Creating environment descriptor '/home/sonia/orbslam3-tello-drone/src/install/tello_msgs/share/tello_msgs/hook/cmake_prefix_path.dsv'
[15.026s] INFO:colcon.colcon_core.shell:Creating environment hook '/home/sonia/orbslam3-tello-drone/src/install/tello_msgs/share/tello_msgs/hook/cmake_prefix_path.sh'
[15.027s] Level 1:colcon.colcon_core.environment:checking '/home/sonia/orbslam3-tello-drone/src/install/tello_msgs/lib'
[15.027s] Level 1:colcon.colcon_core.shell:create_environment_hook('tello_msgs', 'ld_library_path_lib')
[15.028s] INFO:colcon.colcon_core.shell:Creating environment hook '/home/sonia/orbslam3-tello-drone/src/install/tello_msgs/share/tello_msgs/hook/ld_library_path_lib.ps1'
[15.028s] INFO:colcon.colcon_core.shell:Creating environment descriptor '/home/sonia/orbslam3-tello-drone/src/install/tello_msgs/share/tello_msgs/hook/ld_library_path_lib.dsv'
[15.029s] INFO:colcon.colcon_core.shell:Creating environment hook '/home/sonia/orbslam3-tello-drone/src/install/tello_msgs/share/tello_msgs/hook/ld_library_path_lib.sh'
[15.029s] Level 1:colcon.colcon_core.environment:checking '/home/sonia/orbslam3-tello-drone/src/install/tello_msgs/bin'
[15.030s] Level 1:colcon.colcon_core.environment:checking '/home/sonia/orbslam3-tello-drone/src/install/tello_msgs/lib/pkgconfig/tello_msgs.pc'
[15.030s] Level 1:colcon.colcon_core.environment:checking '/home/sonia/orbslam3-tello-drone/src/install/tello_msgs/lib/python3.8/site-packages'
[15.030s] Level 1:colcon.colcon_core.shell:create_environment_hook('tello_msgs', 'pythonpath')
[15.031s] INFO:colcon.colcon_core.shell:Creating environment hook '/home/sonia/orbslam3-tello-drone/src/install/tello_msgs/share/tello_msgs/hook/pythonpath.ps1'
[15.031s] INFO:colcon.colcon_core.shell:Creating environment descriptor '/home/sonia/orbslam3-tello-drone/src/install/tello_msgs/share/tello_msgs/hook/pythonpath.dsv'
[15.032s] INFO:colcon.colcon_core.shell:Creating environment hook '/home/sonia/orbslam3-tello-drone/src/install/tello_msgs/share/tello_msgs/hook/pythonpath.sh'
[15.033s] Level 1:colcon.colcon_core.environment:checking '/home/sonia/orbslam3-tello-drone/src/install/tello_msgs/bin'
[15.033s] INFO:colcon.colcon_core.shell:Creating package script '/home/sonia/orbslam3-tello-drone/src/install/tello_msgs/share/tello_msgs/package.ps1'
[15.034s] INFO:colcon.colcon_core.shell:Creating package descriptor '/home/sonia/orbslam3-tello-drone/src/install/tello_msgs/share/tello_msgs/package.dsv'
[15.036s] INFO:colcon.colcon_core.shell:Creating package script '/home/sonia/orbslam3-tello-drone/src/install/tello_msgs/share/tello_msgs/package.sh'
[15.037s] INFO:colcon.colcon_core.shell:Creating package script '/home/sonia/orbslam3-tello-drone/src/install/tello_msgs/share/tello_msgs/package.bash'
[15.037s] INFO:colcon.colcon_core.shell:Creating package script '/home/sonia/orbslam3-tello-drone/src/install/tello_msgs/share/tello_msgs/package.zsh'
[15.038s] Level 1:colcon.colcon_core.environment:create_file_with_runtime_dependencies(/home/sonia/orbslam3-tello-drone/src/install/tello_msgs/share/colcon-core/packages/tello_msgs)
[15.039s] INFO:colcon.colcon_ros.task.ament_cmake.build:Building ROS package in '/home/sonia/orbslam3-tello-drone/src/tello_driver' with build type 'ament_cmake'
[15.039s] INFO:colcon.colcon_cmake.task.cmake.build:Building CMake package in '/home/sonia/orbslam3-tello-drone/src/tello_driver'
[15.040s] INFO:colcon.colcon_core.shell:Skip shell extension 'powershell' for command environment: Not usable outside of PowerShell
[15.040s] DEBUG:colcon.colcon_core.shell:Skip shell extension 'dsv' for command environment
[15.062s] DEBUG:colcon.colcon_core.event_handler.log_command:Invoking command in '/home/sonia/orbslam3-tello-drone/src/build/tello_driver': AMENT_PREFIX_PATH=/home/sonia/orbslam3-tello-drone/src/install/tello_msgs:/home/sonia/orbslam3-tello-drone/src/install/ros2_shared:${AMENT_PREFIX_PATH} CMAKE_PREFIX_PATH=/home/sonia/orbslam3-tello-drone/src/install/tello_msgs:/home/sonia/orbslam3-tello-drone/src/install/ros2_shared:/opt/ros/foxy LD_LIBRARY_PATH=/home/sonia/orbslam3-tello-drone/src/install/tello_msgs/lib:${LD_LIBRARY_PATH} PYTHONPATH=/home/sonia/orbslam3-tello-drone/src/install/tello_msgs/lib/python3.8/site-packages:${PYTHONPATH} /usr/bin/cmake /home/sonia/orbslam3-tello-drone/src/tello_driver -DCMAKE_INSTALL_PREFIX=/home/sonia/orbslam3-tello-drone/src/install/tello_driver
[19.434s] DEBUG:colcon.colcon_core.event_handler.log_command:Invoked command in '/home/sonia/orbslam3-tello-drone/src/build/tello_driver' returned '0': AMENT_PREFIX_PATH=/home/sonia/orbslam3-tello-drone/src/install/tello_msgs:/home/sonia/orbslam3-tello-drone/src/install/ros2_shared:${AMENT_PREFIX_PATH} CMAKE_PREFIX_PATH=/home/sonia/orbslam3-tello-drone/src/install/tello_msgs:/home/sonia/orbslam3-tello-drone/src/install/ros2_shared:/opt/ros/foxy LD_LIBRARY_PATH=/home/sonia/orbslam3-tello-drone/src/install/tello_msgs/lib:${LD_LIBRARY_PATH} PYTHONPATH=/home/sonia/orbslam3-tello-drone/src/install/tello_msgs/lib/python3.8/site-packages:${PYTHONPATH} /usr/bin/cmake /home/sonia/orbslam3-tello-drone/src/tello_driver -DCMAKE_INSTALL_PREFIX=/home/sonia/orbslam3-tello-drone/src/install/tello_driver
[19.439s] DEBUG:colcon.colcon_core.event_handler.log_command:Invoking command in '/home/sonia/orbslam3-tello-drone/src/build/tello_driver': AMENT_PREFIX_PATH=/home/sonia/orbslam3-tello-drone/src/install/tello_msgs:/home/sonia/orbslam3-tello-drone/src/install/ros2_shared:${AMENT_PREFIX_PATH} CMAKE_PREFIX_PATH=/home/sonia/orbslam3-tello-drone/src/install/tello_msgs:/home/sonia/orbslam3-tello-drone/src/install/ros2_shared:/opt/ros/foxy LD_LIBRARY_PATH=/home/sonia/orbslam3-tello-drone/src/install/tello_msgs/lib:${LD_LIBRARY_PATH} PYTHONPATH=/home/sonia/orbslam3-tello-drone/src/install/tello_msgs/lib/python3.8/site-packages:${PYTHONPATH} /usr/bin/cmake --build /home/sonia/orbslam3-tello-drone/src/build/tello_driver -- -j8 -l8
[30.874s] DEBUG:colcon.colcon_core.event_handler.log_command:Invoked command in '/home/sonia/orbslam3-tello-drone/src/build/tello_driver' returned '2': AMENT_PREFIX_PATH=/home/sonia/orbslam3-tello-drone/src/install/tello_msgs:/home/sonia/orbslam3-tello-drone/src/install/ros2_shared:${AMENT_PREFIX_PATH} CMAKE_PREFIX_PATH=/home/sonia/orbslam3-tello-drone/src/install/tello_msgs:/home/sonia/orbslam3-tello-drone/src/install/ros2_shared:/opt/ros/foxy LD_LIBRARY_PATH=/home/sonia/orbslam3-tello-drone/src/install/tello_msgs/lib:${LD_LIBRARY_PATH} PYTHONPATH=/home/sonia/orbslam3-tello-drone/src/install/tello_msgs/lib/python3.8/site-packages:${PYTHONPATH} /usr/bin/cmake --build /home/sonia/orbslam3-tello-drone/src/build/tello_driver -- -j8 -l8
[30.925s] Level 1:colcon.colcon_core.environment:create_environment_scripts_only(tello_driver)
[30.926s] Level 1:colcon.colcon_core.environment:checking '/home/sonia/orbslam3-tello-drone/src/install/tello_driver' for CMake module files
[30.926s] Level 1:colcon.colcon_core.environment:checking '/home/sonia/orbslam3-tello-drone/src/install/tello_driver' for CMake config files
[30.927s] Level 1:colcon.colcon_core.environment:checking '/home/sonia/orbslam3-tello-drone/src/install/tello_driver/bin'
[30.927s] Level 1:colcon.colcon_core.environment:checking '/home/sonia/orbslam3-tello-drone/src/install/tello_driver/lib/pkgconfig/tello_driver.pc'
[30.927s] Level 1:colcon.colcon_core.environment:checking '/home/sonia/orbslam3-tello-drone/src/install/tello_driver/lib/python3.8/site-packages'
[30.927s] Level 1:colcon.colcon_core.environment:checking '/home/sonia/orbslam3-tello-drone/src/install/tello_driver/bin'
[30.927s] INFO:colcon.colcon_core.shell:Creating package script '/home/sonia/orbslam3-tello-drone/src/install/tello_driver/share/tello_driver/package.ps1'
[30.928s] INFO:colcon.colcon_core.shell:Creating package descriptor '/home/sonia/orbslam3-tello-drone/src/install/tello_driver/share/tello_driver/package.dsv'
[30.929s] INFO:colcon.colcon_core.shell:Creating package script '/home/sonia/orbslam3-tello-drone/src/install/tello_driver/share/tello_driver/package.sh'
[30.929s] INFO:colcon.colcon_core.shell:Creating package script '/home/sonia/orbslam3-tello-drone/src/install/tello_driver/share/tello_driver/package.bash'
[30.929s] INFO:colcon.colcon_core.shell:Creating package script '/home/sonia/orbslam3-tello-drone/src/install/tello_driver/share/tello_driver/package.zsh'
[30.930s] Level 1:colcon.colcon_core.environment:create_file_with_runtime_dependencies(/home/sonia/orbslam3-tello-drone/src/install/tello_driver/share/colcon-core/packages/tello_driver)
[30.931s] DEBUG:colcon.colcon_parallel_executor.executor.parallel:closing loop
[30.931s] DEBUG:colcon.colcon_parallel_executor.executor.parallel:loop closed
[30.931s] DEBUG:colcon.colcon_parallel_executor.executor.parallel:run_until_complete finished with '2'
[30.931s] DEBUG:colcon.colcon_core.event_reactor:joining thread
[30.938s] INFO:colcon.colcon_core.plugin_system:Skipping extension 'colcon_notification.desktop_notification.terminal_notifier': Not used on non-Darwin systems
[30.938s] INFO:colcon.colcon_core.plugin_system:Skipping extension 'colcon_notification.desktop_notification.win32': Not used on non-Windows systems
[30.938s] INFO:colcon.colcon_notification.desktop_notification:Sending desktop notification using 'notify2'
[30.954s] DEBUG:colcon.colcon_core.event_reactor:joined thread
[30.954s] INFO:colcon.colcon_core.shell:Creating prefix script '/home/sonia/orbslam3-tello-drone/src/install/local_setup.ps1'
[30.955s] INFO:colcon.colcon_core.shell:Creating prefix util module '/home/sonia/orbslam3-tello-drone/src/install/_local_setup_util_ps1.py'
[30.957s] INFO:colcon.colcon_core.shell:Creating prefix chain script '/home/sonia/orbslam3-tello-drone/src/install/setup.ps1'
[30.958s] INFO:colcon.colcon_core.shell:Creating prefix script '/home/sonia/orbslam3-tello-drone/src/install/local_setup.sh'
[30.959s] INFO:colcon.colcon_core.shell:Creating prefix util module '/home/sonia/orbslam3-tello-drone/src/install/_local_setup_util_sh.py'
[30.959s] INFO:colcon.colcon_core.shell:Creating prefix chain script '/home/sonia/orbslam3-tello-drone/src/install/setup.sh'
[30.961s] INFO:colcon.colcon_core.shell:Creating prefix script '/home/sonia/orbslam3-tello-drone/src/install/local_setup.bash'
[30.961s] INFO:colcon.colcon_core.shell:Creating prefix chain script '/home/sonia/orbslam3-tello-drone/src/install/setup.bash'
[30.963s] INFO:colcon.colcon_core.shell:Creating prefix script '/home/sonia/orbslam3-tello-drone/src/install/local_setup.zsh'
[30.963s] INFO:colcon.colcon_core.shell:Creating prefix chain script '/home/sonia/orbslam3-tello-drone/src/install/setup.zsh'
