[0.031s] Invoking command in '/home/sonia/orbslam3-tello-drone/src/build/ros2_shared': CMAKE_PREFIX_PATH=/opt/ros/foxy /usr/bin/cmake /home/sonia/orbslam3-tello-drone/src/ros2_shared -DCMAKE_INSTALL_PREFIX=/home/sonia/orbslam3-tello-drone/src/install/ros2_shared
[0.100s] -- The C compiler identification is GNU 9.4.0
[0.181s] -- The CXX compiler identification is GNU 9.4.0
[0.188s] -- Check for working C compiler: /usr/bin/cc
[0.274s] -- Check for working C compiler: /usr/bin/cc -- works
[0.275s] -- Detecting C compiler ABI info
[0.353s] -- Detecting C compiler ABI info - done
[0.365s] -- Detecting C compile features
[0.366s] -- Detecting C compile features - done
[0.368s] -- Check for working CXX compiler: /usr/bin/c++
[0.450s] -- Check for working CXX compiler: /usr/bin/c++ -- works
[0.452s] -- Detecting CXX compiler ABI info
[0.538s] -- Detecting CXX compiler ABI info - done
[0.553s] -- Detecting CXX compile features
[0.554s] -- Detecting CXX compile features - done
[0.556s] -- Found ament_cmake: 0.9.12 (/opt/ros/foxy/share/ament_cmake/cmake)
[0.582s] -- Found PythonInterp: /usr/bin/python3 (found suitable version "3.8.10", minimum required is "3") 
[0.583s] -- Using PYTHON_EXECUTABLE: /usr/bin/python3
[0.964s] -- Found rclcpp: 2.4.3 (/opt/ros/foxy/share/rclcpp/cmake)
[1.050s] -- Using all available rosidl_typesupport_c: rosidl_typesupport_fastrtps_c;rosidl_typesupport_introspection_c
[1.063s] -- Found rosidl_adapter: 1.3.1 (/opt/ros/foxy/share/rosidl_adapter/cmake)
[1.219s] -- Found OpenSSL: /usr/lib/x86_64-linux-gnu/libcrypto.so (found version "1.1.1f")  
[1.276s] -- Found FastRTPS: /opt/ros/foxy/include  
[1.376s] -- Using all available rosidl_typesupport_cpp: rosidl_typesupport_fastrtps_cpp;rosidl_typesupport_introspection_cpp
[1.431s] -- Found rmw_implementation_cmake: 1.0.4 (/opt/ros/foxy/share/rmw_implementation_cmake/cmake)
[1.432s] -- Using RMW implementation 'rmw_fastrtps_cpp' as default
[1.433s] -- Looking for pthread.h
[1.508s] -- Looking for pthread.h - found
[1.508s] -- Performing Test CMAKE_HAVE_LIBC_PTHREAD
[1.586s] -- Performing Test CMAKE_HAVE_LIBC_PTHREAD - Failed
[1.586s] -- Looking for pthread_create in pthreads
[1.667s] -- Looking for pthread_create in pthreads - not found
[1.667s] -- Looking for pthread_create in pthread
[1.744s] -- Looking for pthread_create in pthread - found
[1.746s] -- Found Threads: TRUE  
[2.160s] -- Configuring done
[2.163s] -- Generating done
[2.165s] -- Build files have been written to: /home/sonia/orbslam3-tello-drone/src/build/ros2_shared
[2.175s] Invoked command in '/home/sonia/orbslam3-tello-drone/src/build/ros2_shared' returned '0': CMAKE_PREFIX_PATH=/opt/ros/foxy /usr/bin/cmake /home/sonia/orbslam3-tello-drone/src/ros2_shared -DCMAKE_INSTALL_PREFIX=/home/sonia/orbslam3-tello-drone/src/install/ros2_shared
[2.179s] Invoking command in '/home/sonia/orbslam3-tello-drone/src/build/ros2_shared': CMAKE_PREFIX_PATH=/opt/ros/foxy /usr/bin/cmake --build /home/sonia/orbslam3-tello-drone/src/build/ros2_shared -- -j8 -l8
[2.227s] Invoked command in '/home/sonia/orbslam3-tello-drone/src/build/ros2_shared' returned '0': CMAKE_PREFIX_PATH=/opt/ros/foxy /usr/bin/cmake --build /home/sonia/orbslam3-tello-drone/src/build/ros2_shared -- -j8 -l8
[2.275s] Invoking command in '/home/sonia/orbslam3-tello-drone/src/build/ros2_shared': CMAKE_PREFIX_PATH=/opt/ros/foxy /usr/bin/cmake --install /home/sonia/orbslam3-tello-drone/src/build/ros2_shared
[2.290s] -- Install configuration: ""
[2.290s] -- Installing: /home/sonia/orbslam3-tello-drone/src/install/ros2_shared/include
[2.290s] -- Installing: /home/sonia/orbslam3-tello-drone/src/install/ros2_shared/include/ros2_shared
[2.291s] -- Installing: /home/sonia/orbslam3-tello-drone/src/install/ros2_shared/include/ros2_shared/string_printf.hpp
[2.291s] -- Installing: /home/sonia/orbslam3-tello-drone/src/install/ros2_shared/include/ros2_shared/context_macros.hpp
[2.291s] -- Installing: /home/sonia/orbslam3-tello-drone/src/install/ros2_shared/include/ros2_shared/param_macros.hpp
[2.292s] -- Installing: /home/sonia/orbslam3-tello-drone/src/install/ros2_shared/share/ament_index/resource_index/package_run_dependencies/ros2_shared
[2.292s] -- Installing: /home/sonia/orbslam3-tello-drone/src/install/ros2_shared/share/ament_index/resource_index/parent_prefix_path/ros2_shared
[2.292s] -- Installing: /home/sonia/orbslam3-tello-drone/src/install/ros2_shared/share/ros2_shared/environment/ament_prefix_path.sh
[2.293s] -- Installing: /home/sonia/orbslam3-tello-drone/src/install/ros2_shared/share/ros2_shared/environment/ament_prefix_path.dsv
[2.293s] -- Installing: /home/sonia/orbslam3-tello-drone/src/install/ros2_shared/share/ros2_shared/environment/path.sh
[2.293s] -- Installing: /home/sonia/orbslam3-tello-drone/src/install/ros2_shared/share/ros2_shared/environment/path.dsv
[2.294s] -- Installing: /home/sonia/orbslam3-tello-drone/src/install/ros2_shared/share/ros2_shared/local_setup.bash
[2.294s] -- Installing: /home/sonia/orbslam3-tello-drone/src/install/ros2_shared/share/ros2_shared/local_setup.sh
[2.294s] -- Installing: /home/sonia/orbslam3-tello-drone/src/install/ros2_shared/share/ros2_shared/local_setup.zsh
[2.295s] -- Installing: /home/sonia/orbslam3-tello-drone/src/install/ros2_shared/share/ros2_shared/local_setup.dsv
[2.295s] -- Installing: /home/sonia/orbslam3-tello-drone/src/install/ros2_shared/share/ros2_shared/package.dsv
[2.295s] -- Installing: /home/sonia/orbslam3-tello-drone/src/install/ros2_shared/share/ament_index/resource_index/packages/ros2_shared
[2.296s] -- Installing: /home/sonia/orbslam3-tello-drone/src/install/ros2_shared/share/ros2_shared/cmake/ros2_shared_targetsExport.cmake
[2.296s] -- Installing: /home/sonia/orbslam3-tello-drone/src/install/ros2_shared/share/ros2_shared/cmake/ament_cmake_export_targets-extras.cmake
[2.297s] -- Installing: /home/sonia/orbslam3-tello-drone/src/install/ros2_shared/share/ros2_shared/cmake/ament_cmake_export_dependencies-extras.cmake
[2.297s] -- Installing: /home/sonia/orbslam3-tello-drone/src/install/ros2_shared/share/ros2_shared/cmake/ros2_sharedConfig.cmake
[2.297s] -- Installing: /home/sonia/orbslam3-tello-drone/src/install/ros2_shared/share/ros2_shared/cmake/ros2_sharedConfig-version.cmake
[2.298s] -- Installing: /home/sonia/orbslam3-tello-drone/src/install/ros2_shared/share/ros2_shared/package.xml
[2.302s] Invoked command in '/home/sonia/orbslam3-tello-drone/src/build/ros2_shared' returned '0': CMAKE_PREFIX_PATH=/opt/ros/foxy /usr/bin/cmake --install /home/sonia/orbslam3-tello-drone/src/build/ros2_shared
