[0.031s] Invoking command in '/home/sonia/orbslam3-tello-drone/build/ros2_shared': CMAKE_PREFIX_PATH=/opt/ros/foxy /usr/bin/cmake /home/sonia/orbslam3-tello-drone/src/ros2_shared -DCMAKE_INSTALL_PREFIX=/home/sonia/orbslam3-tello-drone/install/ros2_shared
[0.102s] -- The C compiler identification is GNU 9.4.0
[0.162s] -- The CXX compiler identification is GNU 9.4.0
[0.168s] -- Check for working C compiler: /usr/bin/cc
[0.382s] -- Check for working C compiler: /usr/bin/cc -- works
[0.383s] -- Detecting C compiler ABI info
[0.506s] -- Detecting C compiler ABI info - done
[0.528s] -- Detecting C compile features
[0.529s] -- Detecting C compile features - done
[0.533s] -- Check for working CXX compiler: /usr/bin/c++
[0.679s] -- Check for working CXX compiler: /usr/bin/c++ -- works
[0.680s] -- Detecting CXX compiler ABI info
[0.771s] -- Detecting CXX compiler ABI info - done
[0.793s] -- Detecting CXX compile features
[0.794s] -- Detecting CXX compile features - done
[0.799s] -- Found ament_cmake: 0.9.12 (/opt/ros/foxy/share/ament_cmake/cmake)
[0.844s] -- Found PythonInterp: /usr/bin/python3 (found suitable version "3.8.10", minimum required is "3") 
[0.844s] -- Using PYTHON_EXECUTABLE: /usr/bin/python3
[1.217s] -- Found rclcpp: 2.4.3 (/opt/ros/foxy/share/rclcpp/cmake)
[1.304s] -- Using all available rosidl_typesupport_c: rosidl_typesupport_fastrtps_c;rosidl_typesupport_introspection_c
[1.316s] -- Found rosidl_adapter: 1.3.1 (/opt/ros/foxy/share/rosidl_adapter/cmake)
[1.473s] -- Found OpenSSL: /usr/lib/x86_64-linux-gnu/libcrypto.so (found version "1.1.1f")  
[1.531s] -- Found FastRTPS: /opt/ros/foxy/include  
[1.685s] -- Using all available rosidl_typesupport_cpp: rosidl_typesupport_fastrtps_cpp;rosidl_typesupport_introspection_cpp
[1.797s] -- Found rmw_implementation_cmake: 1.0.4 (/opt/ros/foxy/share/rmw_implementation_cmake/cmake)
[1.800s] -- Using RMW implementation 'rmw_fastrtps_cpp' as default
[1.802s] -- Looking for pthread.h
[1.901s] -- Looking for pthread.h - found
[1.901s] -- Performing Test CMAKE_HAVE_LIBC_PTHREAD
[2.039s] -- Performing Test CMAKE_HAVE_LIBC_PTHREAD - Failed
[2.039s] -- Looking for pthread_create in pthreads
[2.114s] -- Looking for pthread_create in pthreads - not found
[2.114s] -- Looking for pthread_create in pthread
[2.221s] -- Looking for pthread_create in pthread - found
[2.223s] -- Found Threads: TRUE  
[2.720s] -- Configuring done
[2.730s] -- Generating done
[2.735s] -- Build files have been written to: /home/sonia/orbslam3-tello-drone/build/ros2_shared
