[0.028s] Invoking command in '/home/sonia/orbslam3-tello-drone/src/build/tello_msgs': CMAKE_PREFIX_PATH=/opt/ros/foxy /usr/bin/cmake /home/sonia/orbslam3-tello-drone/src/tello_msgs -DCMAKE_INSTALL_PREFIX=/home/sonia/orbslam3-tello-drone/src/install/tello_msgs
[0.098s] -- The C compiler identification is GNU 9.4.0
[0.171s] -- The CXX compiler identification is GNU 9.4.0
[0.177s] -- Check for working C compiler: /usr/bin/cc
[0.262s] -- Check for working C compiler: /usr/bin/cc -- works
[0.264s] -- Detecting C compiler ABI info
[0.341s] -- Detecting C compiler ABI info - done
[0.354s] -- Detecting C compile features
[0.354s] -- Detecting C compile features - done
[0.356s] -- Check for working CXX compiler: /usr/bin/c++
[0.438s] -- Check for working CXX compiler: /usr/bin/c++ -- works
[0.439s] -- Detecting CXX compiler ABI info
[0.525s] -- Detecting CXX compiler ABI info - done
[0.540s] -- Detecting CXX compile features
[0.541s] -- Detecting CXX compile features - done
[0.544s] -- Found ament_cmake: 0.9.12 (/opt/ros/foxy/share/ament_cmake/cmake)
[0.570s] -- Found PythonInterp: /usr/bin/python3 (found suitable version "3.8.10", minimum required is "3") 
[0.570s] -- Using PYTHON_EXECUTABLE: /usr/bin/python3
[1.248s] -- Found rosidl_default_generators: 1.0.1 (/opt/ros/foxy/share/rosidl_default_generators/cmake)
[1.274s] -- Using all available rosidl_typesupport_c: rosidl_typesupport_fastrtps_c;rosidl_typesupport_introspection_c
[1.286s] -- Found rosidl_adapter: 1.3.1 (/opt/ros/foxy/share/rosidl_adapter/cmake)
[1.395s] -- Found OpenSSL: /usr/lib/x86_64-linux-gnu/libcrypto.so (found version "1.1.1f")  
[1.424s] -- Found FastRTPS: /opt/ros/foxy/include  
[1.517s] -- Using all available rosidl_typesupport_cpp: rosidl_typesupport_fastrtps_cpp;rosidl_typesupport_introspection_cpp
[1.626s] -- Found std_msgs: 2.0.5 (/opt/ros/foxy/share/std_msgs/cmake)
[1.700s] -- Found PythonInterp: /usr/bin/python3 (found version "3.8.10") 
[2.231s] -- Found ament_cmake_ros: 0.9.2 (/opt/ros/foxy/share/ament_cmake_ros/cmake)
[2.602s] -- Using all available rosidl_typesupport_c: rosidl_typesupport_fastrtps_c;rosidl_typesupport_introspection_c
[2.748s] -- Using all available rosidl_typesupport_cpp: rosidl_typesupport_fastrtps_cpp;rosidl_typesupport_introspection_cpp
[2.778s] -- Found PythonInterp: /usr/bin/python3 (found suitable version "3.8.10", minimum required is "3.5") 
[2.790s] -- Found python_cmake_module: 0.8.1 (/opt/ros/foxy/share/python_cmake_module/cmake)
[2.956s] -- Found PythonLibs: /usr/lib/x86_64-linux-gnu/libpython3.8.so (found suitable version "3.8.10", minimum required is "3.5") 
[2.956s] -- Using PYTHON_EXECUTABLE: /usr/bin/python3
[2.957s] -- Using PYTHON_INCLUDE_DIRS: /usr/include/python3.8
[2.957s] -- Using PYTHON_LIBRARIES: /usr/lib/x86_64-linux-gnu/libpython3.8.so
[3.017s] -- Found PythonExtra: .so  
[3.305s] -- Configuring done
[3.604s] -- Generating done
[3.608s] -- Build files have been written to: /home/sonia/orbslam3-tello-drone/src/build/tello_msgs
[3.619s] Invoked command in '/home/sonia/orbslam3-tello-drone/src/build/tello_msgs' returned '0': CMAKE_PREFIX_PATH=/opt/ros/foxy /usr/bin/cmake /home/sonia/orbslam3-tello-drone/src/tello_msgs -DCMAKE_INSTALL_PREFIX=/home/sonia/orbslam3-tello-drone/src/install/tello_msgs
[3.622s] Invoking command in '/home/sonia/orbslam3-tello-drone/src/build/tello_msgs': CMAKE_PREFIX_PATH=/opt/ros/foxy /usr/bin/cmake --build /home/sonia/orbslam3-tello-drone/src/build/tello_msgs -- -j8 -l8
[3.668s] [35m[1mScanning dependencies of target tello_msgs__cpp[0m
[3.668s] [  2%] [34m[1mGenerating C code for ROS interfaces[0m
[3.686s] [  4%] [34m[1mGenerating C++ code for ROS interfaces[0m
[4.467s] [  4%] Built target tello_msgs__cpp
[4.486s] [  8%] [34m[1mGenerating C++ type support dispatch for ROS interfaces[0m
[4.487s] [ 10%] [34m[1mGenerating C++ introspection for ROS interfaces[0m
[4.487s] [ 10%] [34m[1mGenerating C++ type support for eProsima Fast-RTPS[0m
[4.519s] [35m[1mScanning dependencies of target tello_msgs__rosidl_generator_c[0m
[5.550s] [ 12%] [32mBuilding C object CMakeFiles/tello_msgs__rosidl_generator_c.dir/rosidl_generator_c/tello_msgs/msg/detail/flight_data__functions.c.o[0m
[5.553s] [ 17%] [32mBuilding C object CMakeFiles/tello_msgs__rosidl_generator_c.dir/rosidl_generator_c/tello_msgs/srv/detail/tello_action__functions.c.o[0m
[5.553s] [ 17%] [32mBuilding C object CMakeFiles/tello_msgs__rosidl_generator_c.dir/rosidl_generator_c/tello_msgs/msg/detail/tello_response__functions.c.o[0m
[6.039s] [ 19%] [32m[1mLinking C shared library libtello_msgs__rosidl_generator_c.so[0m
[6.165s] [ 19%] Built target tello_msgs__rosidl_generator_c
[6.186s] [ 21%] [34m[1mGenerating C type support dispatch for ROS interfaces[0m
[6.192s] [ 23%] [34m[1mGenerating C introspection for ROS interfaces[0m
[6.333s] [35m[1mScanning dependencies of target tello_msgs__rosidl_typesupport_cpp[0m
[6.354s] [35m[1mScanning dependencies of target tello_msgs__rosidl_typesupport_introspection_cpp[0m
[6.390s] [ 27%] [32mBuilding CXX object CMakeFiles/tello_msgs__rosidl_typesupport_cpp.dir/rosidl_typesupport_cpp/tello_msgs/msg/flight_data__type_support.cpp.o[0m
[6.390s] [ 27%] [32mBuilding CXX object CMakeFiles/tello_msgs__rosidl_typesupport_introspection_cpp.dir/rosidl_typesupport_introspection_cpp/tello_msgs/msg/detail/tello_response__type_support.cpp.o[0m
[6.402s] [ 29%] [32mBuilding CXX object CMakeFiles/tello_msgs__rosidl_typesupport_cpp.dir/rosidl_typesupport_cpp/tello_msgs/msg/tello_response__type_support.cpp.o[0m
[6.402s] [ 31%] [32mBuilding CXX object CMakeFiles/tello_msgs__rosidl_typesupport_introspection_cpp.dir/rosidl_typesupport_introspection_cpp/tello_msgs/msg/detail/flight_data__type_support.cpp.o[0m
[6.410s] [ 34%] [32mBuilding CXX object CMakeFiles/tello_msgs__rosidl_typesupport_introspection_cpp.dir/rosidl_typesupport_introspection_cpp/tello_msgs/srv/detail/tello_action__type_support.cpp.o[0m
[6.474s] [35m[1mScanning dependencies of target tello_msgs__rosidl_typesupport_fastrtps_cpp[0m
[6.848s] [35m[1mScanning dependencies of target tello_msgs__rosidl_typesupport_c[0m
[6.921s] [35m[1mScanning dependencies of target tello_msgs__rosidl_typesupport_introspection_c[0m
[7.034s] [ 36%] [32mBuilding CXX object CMakeFiles/tello_msgs__rosidl_typesupport_c.dir/rosidl_typesupport_c/tello_msgs/msg/flight_data__type_support.cpp.o[0m
[7.035s] [ 38%] [32mBuilding C object CMakeFiles/tello_msgs__rosidl_typesupport_introspection_c.dir/rosidl_typesupport_introspection_c/tello_msgs/msg/detail/flight_data__type_support.c.o[0m
[7.039s] [ 40%] [32mBuilding CXX object CMakeFiles/tello_msgs__rosidl_typesupport_fastrtps_cpp.dir/rosidl_typesupport_fastrtps_cpp/tello_msgs/msg/detail/dds_fastrtps/flight_data__type_support.cpp.o[0m
[7.126s] [ 42%] [32mBuilding C object CMakeFiles/tello_msgs__rosidl_typesupport_introspection_c.dir/rosidl_typesupport_introspection_c/tello_msgs/msg/detail/tello_response__type_support.c.o[0m
[7.169s] [ 44%] [32mBuilding CXX object CMakeFiles/tello_msgs__rosidl_typesupport_c.dir/rosidl_typesupport_c/tello_msgs/msg/tello_response__type_support.cpp.o[0m
[7.196s] [ 46%] [32mBuilding C object CMakeFiles/tello_msgs__rosidl_typesupport_introspection_c.dir/rosidl_typesupport_introspection_c/tello_msgs/srv/detail/tello_action__type_support.c.o[0m
[7.231s] [ 48%] [32mBuilding CXX object CMakeFiles/tello_msgs__rosidl_typesupport_c.dir/rosidl_typesupport_c/tello_msgs/srv/tello_action__type_support.cpp.o[0m
[7.273s] [ 51%] [32m[1mLinking C shared library libtello_msgs__rosidl_typesupport_introspection_c.so[0m
[7.314s] [ 53%] [32m[1mLinking CXX shared library libtello_msgs__rosidl_typesupport_c.so[0m
[7.350s] [ 53%] Built target tello_msgs__rosidl_typesupport_introspection_c
[7.365s] [ 55%] [32mBuilding CXX object CMakeFiles/tello_msgs__rosidl_typesupport_fastrtps_cpp.dir/rosidl_typesupport_fastrtps_cpp/tello_msgs/msg/detail/dds_fastrtps/tello_response__type_support.cpp.o[0m
[7.392s] [ 55%] Built target tello_msgs__rosidl_typesupport_c
[7.408s] [ 57%] [32mBuilding CXX object CMakeFiles/tello_msgs__rosidl_typesupport_fastrtps_cpp.dir/rosidl_typesupport_fastrtps_cpp/tello_msgs/srv/detail/dds_fastrtps/tello_action__type_support.cpp.o[0m
[7.711s] [ 59%] [32mBuilding CXX object CMakeFiles/tello_msgs__rosidl_typesupport_cpp.dir/rosidl_typesupport_cpp/tello_msgs/srv/tello_action__type_support.cpp.o[0m
[7.730s] [ 61%] [32m[1mLinking CXX shared library libtello_msgs__rosidl_typesupport_introspection_cpp.so[0m
[7.812s] [ 61%] Built target tello_msgs__rosidl_typesupport_introspection_cpp
[8.030s] [ 63%] [32m[1mLinking CXX shared library libtello_msgs__rosidl_typesupport_fastrtps_cpp.so[0m
[8.089s] [ 65%] [32m[1mLinking CXX shared library libtello_msgs__rosidl_typesupport_cpp.so[0m
[8.181s] [ 65%] Built target tello_msgs__rosidl_typesupport_cpp
[8.282s] [ 65%] Built target tello_msgs__rosidl_typesupport_fastrtps_cpp
[8.302s] [ 68%] [34m[1mGenerating C type support for eProsima Fast-RTPS[0m
[8.905s] [35m[1mScanning dependencies of target tello_msgs__rosidl_typesupport_fastrtps_c[0m
[8.931s] [ 72%] [32mBuilding CXX object CMakeFiles/tello_msgs__rosidl_typesupport_fastrtps_c.dir/rosidl_typesupport_fastrtps_c/tello_msgs/msg/detail/flight_data__type_support_c.cpp.o[0m
[8.931s] [ 72%] [32mBuilding CXX object CMakeFiles/tello_msgs__rosidl_typesupport_fastrtps_c.dir/rosidl_typesupport_fastrtps_c/tello_msgs/msg/detail/tello_response__type_support_c.cpp.o[0m
[8.934s] [ 74%] [32mBuilding CXX object CMakeFiles/tello_msgs__rosidl_typesupport_fastrtps_c.dir/rosidl_typesupport_fastrtps_c/tello_msgs/srv/detail/tello_action__type_support_c.cpp.o[0m
[9.307s] [ 76%] [32m[1mLinking CXX shared library libtello_msgs__rosidl_typesupport_fastrtps_c.so[0m
[9.410s] [ 76%] Built target tello_msgs__rosidl_typesupport_fastrtps_c
[9.422s] [35m[1mScanning dependencies of target tello_msgs[0m
[9.435s] [ 76%] Built target tello_msgs
[9.448s] [35m[1mScanning dependencies of target tello_msgs__py[0m
[9.462s] [ 78%] [34m[1mGenerating Python code for ROS interfaces[0m
[12.317s] [ 78%] Built target tello_msgs__py
[12.330s] [35m[1mScanning dependencies of target tello_msgs__python[0m
[12.588s] [ 82%] [32mBuilding C object CMakeFiles/tello_msgs__python.dir/rosidl_generator_py/tello_msgs/msg/_flight_data_s.c.o[0m
[12.588s] [ 82%] [32mBuilding C object CMakeFiles/tello_msgs__python.dir/rosidl_generator_py/tello_msgs/msg/_tello_response_s.c.o[0m
[12.594s] [ 85%] [32mBuilding C object CMakeFiles/tello_msgs__python.dir/rosidl_generator_py/tello_msgs/srv/_tello_action_s.c.o[0m
[13.377s] [ 87%] [32m[1mLinking C shared library rosidl_generator_py/tello_msgs/libtello_msgs__python.so[0m
[13.502s] [ 87%] Built target tello_msgs__python
[13.522s] [35m[1mScanning dependencies of target tello_msgs__rosidl_typesupport_c__pyext[0m
[13.522s] [35m[1mScanning dependencies of target tello_msgs__rosidl_typesupport_introspection_c__pyext[0m
[13.522s] [35m[1mScanning dependencies of target tello_msgs__rosidl_typesupport_fastrtps_c__pyext[0m
[13.576s] [ 89%] [32mBuilding C object CMakeFiles/tello_msgs__rosidl_typesupport_introspection_c__pyext.dir/rosidl_generator_py/tello_msgs/_tello_msgs_s.ep.rosidl_typesupport_introspection_c.c.o[0m
[13.576s] [ 91%] [32mBuilding C object CMakeFiles/tello_msgs__rosidl_typesupport_c__pyext.dir/rosidl_generator_py/tello_msgs/_tello_msgs_s.ep.rosidl_typesupport_c.c.o[0m
[13.576s] [ 93%] [32mBuilding C object CMakeFiles/tello_msgs__rosidl_typesupport_fastrtps_c__pyext.dir/rosidl_generator_py/tello_msgs/_tello_msgs_s.ep.rosidl_typesupport_fastrtps_c.c.o[0m
[13.669s] [ 95%] [32m[1mLinking C shared library rosidl_generator_py/tello_msgs/tello_msgs_s__rosidl_typesupport_c.cpython-38-x86_64-linux-gnu.so[0m
[13.669s] [ 97%] [32m[1mLinking CXX shared library rosidl_generator_py/tello_msgs/tello_msgs_s__rosidl_typesupport_fastrtps_c.cpython-38-x86_64-linux-gnu.so[0m
[13.669s] [100%] [32m[1mLinking C shared library rosidl_generator_py/tello_msgs/tello_msgs_s__rosidl_typesupport_introspection_c.cpython-38-x86_64-linux-gnu.so[0m
[13.708s] [100%] Built target tello_msgs__rosidl_typesupport_c__pyext
[13.708s] [100%] Built target tello_msgs__rosidl_typesupport_introspection_c__pyext
[13.739s] [100%] Built target tello_msgs__rosidl_typesupport_fastrtps_c__pyext
[13.753s] Invoked command in '/home/sonia/orbslam3-tello-drone/src/build/tello_msgs' returned '0': CMAKE_PREFIX_PATH=/opt/ros/foxy /usr/bin/cmake --build /home/sonia/orbslam3-tello-drone/src/build/tello_msgs -- -j8 -l8
[13.842s] Invoking command in '/home/sonia/orbslam3-tello-drone/src/build/tello_msgs': CMAKE_PREFIX_PATH=/opt/ros/foxy /usr/bin/cmake --install /home/sonia/orbslam3-tello-drone/src/build/tello_msgs
[13.852s] -- Install configuration: ""
[13.852s] -- Installing: /home/sonia/orbslam3-tello-drone/src/install/tello_msgs/share/ament_index/resource_index/rosidl_interfaces/tello_msgs
[13.852s] -- Installing: /home/sonia/orbslam3-tello-drone/src/install/tello_msgs/include/tello_msgs
[13.852s] -- Installing: /home/sonia/orbslam3-tello-drone/src/install/tello_msgs/include/tello_msgs/srv
[13.852s] -- Installing: /home/sonia/orbslam3-tello-drone/src/install/tello_msgs/include/tello_msgs/srv/detail
[13.853s] -- Installing: /home/sonia/orbslam3-tello-drone/src/install/tello_msgs/include/tello_msgs/srv/detail/tello_action__struct.h
[13.853s] -- Installing: /home/sonia/orbslam3-tello-drone/src/install/tello_msgs/include/tello_msgs/srv/detail/tello_action__functions.c
[13.853s] -- Installing: /home/sonia/orbslam3-tello-drone/src/install/tello_msgs/include/tello_msgs/srv/detail/tello_action__functions.h
[13.853s] -- Installing: /home/sonia/orbslam3-tello-drone/src/install/tello_msgs/include/tello_msgs/srv/detail/tello_action__type_support.h
[13.853s] -- Installing: /home/sonia/orbslam3-tello-drone/src/install/tello_msgs/include/tello_msgs/srv/tello_action.h
[13.854s] -- Installing: /home/sonia/orbslam3-tello-drone/src/install/tello_msgs/include/tello_msgs/msg
[13.854s] -- Installing: /home/sonia/orbslam3-tello-drone/src/install/tello_msgs/include/tello_msgs/msg/rosidl_generator_c__visibility_control.h
[13.854s] -- Installing: /home/sonia/orbslam3-tello-drone/src/install/tello_msgs/include/tello_msgs/msg/tello_response.h
[13.854s] -- Installing: /home/sonia/orbslam3-tello-drone/src/install/tello_msgs/include/tello_msgs/msg/flight_data.h
[13.854s] -- Installing: /home/sonia/orbslam3-tello-drone/src/install/tello_msgs/include/tello_msgs/msg/detail
[13.854s] -- Installing: /home/sonia/orbslam3-tello-drone/src/install/tello_msgs/include/tello_msgs/msg/detail/tello_response__functions.c
[13.854s] -- Installing: /home/sonia/orbslam3-tello-drone/src/install/tello_msgs/include/tello_msgs/msg/detail/tello_response__struct.h
[13.855s] -- Installing: /home/sonia/orbslam3-tello-drone/src/install/tello_msgs/include/tello_msgs/msg/detail/flight_data__type_support.h
[13.855s] -- Installing: /home/sonia/orbslam3-tello-drone/src/install/tello_msgs/include/tello_msgs/msg/detail/tello_response__functions.h
[13.855s] -- Installing: /home/sonia/orbslam3-tello-drone/src/install/tello_msgs/include/tello_msgs/msg/detail/tello_response__type_support.h
[13.855s] -- Installing: /home/sonia/orbslam3-tello-drone/src/install/tello_msgs/include/tello_msgs/msg/detail/flight_data__functions.c
[13.855s] -- Installing: /home/sonia/orbslam3-tello-drone/src/install/tello_msgs/include/tello_msgs/msg/detail/flight_data__functions.h
[13.855s] -- Installing: /home/sonia/orbslam3-tello-drone/src/install/tello_msgs/include/tello_msgs/msg/detail/flight_data__struct.h
[13.856s] -- Installing: /home/sonia/orbslam3-tello-drone/src/install/tello_msgs/share/tello_msgs/environment/library_path.sh
[13.856s] -- Installing: /home/sonia/orbslam3-tello-drone/src/install/tello_msgs/share/tello_msgs/environment/library_path.dsv
[13.856s] -- Installing: /home/sonia/orbslam3-tello-drone/src/install/tello_msgs/lib/libtello_msgs__rosidl_generator_c.so
[13.856s] -- Set runtime path of "/home/sonia/orbslam3-tello-drone/src/install/tello_msgs/lib/libtello_msgs__rosidl_generator_c.so" to ""
[13.856s] -- Up-to-date: /home/sonia/orbslam3-tello-drone/src/install/tello_msgs/include/tello_msgs
[13.856s] -- Up-to-date: /home/sonia/orbslam3-tello-drone/src/install/tello_msgs/include/tello_msgs/srv
[13.856s] -- Up-to-date: /home/sonia/orbslam3-tello-drone/src/install/tello_msgs/include/tello_msgs/srv/detail
[13.857s] -- Installing: /home/sonia/orbslam3-tello-drone/src/install/tello_msgs/include/tello_msgs/srv/detail/tello_action__rosidl_typesupport_fastrtps_c.h
[13.857s] -- Up-to-date: /home/sonia/orbslam3-tello-drone/src/install/tello_msgs/include/tello_msgs/msg
[13.857s] -- Installing: /home/sonia/orbslam3-tello-drone/src/install/tello_msgs/include/tello_msgs/msg/rosidl_typesupport_fastrtps_c__visibility_control.h
[13.857s] -- Up-to-date: /home/sonia/orbslam3-tello-drone/src/install/tello_msgs/include/tello_msgs/msg/detail
[13.857s] -- Installing: /home/sonia/orbslam3-tello-drone/src/install/tello_msgs/include/tello_msgs/msg/detail/flight_data__rosidl_typesupport_fastrtps_c.h
[13.857s] -- Installing: /home/sonia/orbslam3-tello-drone/src/install/tello_msgs/include/tello_msgs/msg/detail/tello_response__rosidl_typesupport_fastrtps_c.h
[13.858s] -- Installing: /home/sonia/orbslam3-tello-drone/src/install/tello_msgs/lib/libtello_msgs__rosidl_typesupport_fastrtps_c.so
[13.858s] -- Set runtime path of "/home/sonia/orbslam3-tello-drone/src/install/tello_msgs/lib/libtello_msgs__rosidl_typesupport_fastrtps_c.so" to ""
[13.858s] -- Up-to-date: /home/sonia/orbslam3-tello-drone/src/install/tello_msgs/include/tello_msgs
[13.858s] -- Up-to-date: /home/sonia/orbslam3-tello-drone/src/install/tello_msgs/include/tello_msgs/srv
[13.858s] -- Up-to-date: /home/sonia/orbslam3-tello-drone/src/install/tello_msgs/include/tello_msgs/srv/detail
[13.858s] -- Installing: /home/sonia/orbslam3-tello-drone/src/install/tello_msgs/include/tello_msgs/srv/detail/dds_fastrtps
[13.858s] -- Installing: /home/sonia/orbslam3-tello-drone/src/install/tello_msgs/include/tello_msgs/srv/detail/tello_action__rosidl_typesupport_fastrtps_cpp.hpp
[13.859s] -- Up-to-date: /home/sonia/orbslam3-tello-drone/src/install/tello_msgs/include/tello_msgs/msg
[13.859s] -- Up-to-date: /home/sonia/orbslam3-tello-drone/src/install/tello_msgs/include/tello_msgs/msg/detail
[13.859s] -- Installing: /home/sonia/orbslam3-tello-drone/src/install/tello_msgs/include/tello_msgs/msg/detail/tello_response__rosidl_typesupport_fastrtps_cpp.hpp
[13.859s] -- Installing: /home/sonia/orbslam3-tello-drone/src/install/tello_msgs/include/tello_msgs/msg/detail/dds_fastrtps
[13.859s] -- Installing: /home/sonia/orbslam3-tello-drone/src/install/tello_msgs/include/tello_msgs/msg/detail/flight_data__rosidl_typesupport_fastrtps_cpp.hpp
[13.859s] -- Installing: /home/sonia/orbslam3-tello-drone/src/install/tello_msgs/include/tello_msgs/msg/rosidl_typesupport_fastrtps_cpp__visibility_control.h
[13.860s] -- Installing: /home/sonia/orbslam3-tello-drone/src/install/tello_msgs/lib/libtello_msgs__rosidl_typesupport_fastrtps_cpp.so
[13.860s] -- Set runtime path of "/home/sonia/orbslam3-tello-drone/src/install/tello_msgs/lib/libtello_msgs__rosidl_typesupport_fastrtps_cpp.so" to ""
[13.860s] -- Up-to-date: /home/sonia/orbslam3-tello-drone/src/install/tello_msgs/include/tello_msgs
[13.860s] -- Up-to-date: /home/sonia/orbslam3-tello-drone/src/install/tello_msgs/include/tello_msgs/srv
[13.860s] -- Up-to-date: /home/sonia/orbslam3-tello-drone/src/install/tello_msgs/include/tello_msgs/srv/detail
[13.860s] -- Installing: /home/sonia/orbslam3-tello-drone/src/install/tello_msgs/include/tello_msgs/srv/detail/tello_action__rosidl_typesupport_introspection_c.h
[13.860s] -- Installing: /home/sonia/orbslam3-tello-drone/src/install/tello_msgs/include/tello_msgs/srv/detail/tello_action__type_support.c
[13.860s] -- Up-to-date: /home/sonia/orbslam3-tello-drone/src/install/tello_msgs/include/tello_msgs/msg
[13.860s] -- Up-to-date: /home/sonia/orbslam3-tello-drone/src/install/tello_msgs/include/tello_msgs/msg/detail
[13.861s] -- Installing: /home/sonia/orbslam3-tello-drone/src/install/tello_msgs/include/tello_msgs/msg/detail/tello_response__rosidl_typesupport_introspection_c.h
[13.861s] -- Installing: /home/sonia/orbslam3-tello-drone/src/install/tello_msgs/include/tello_msgs/msg/detail/flight_data__type_support.c
[13.861s] -- Installing: /home/sonia/orbslam3-tello-drone/src/install/tello_msgs/include/tello_msgs/msg/detail/flight_data__rosidl_typesupport_introspection_c.h
[13.861s] -- Installing: /home/sonia/orbslam3-tello-drone/src/install/tello_msgs/include/tello_msgs/msg/detail/tello_response__type_support.c
[13.861s] -- Installing: /home/sonia/orbslam3-tello-drone/src/install/tello_msgs/include/tello_msgs/msg/rosidl_typesupport_introspection_c__visibility_control.h
[13.861s] -- Installing: /home/sonia/orbslam3-tello-drone/src/install/tello_msgs/lib/libtello_msgs__rosidl_typesupport_introspection_c.so
[13.862s] -- Set runtime path of "/home/sonia/orbslam3-tello-drone/src/install/tello_msgs/lib/libtello_msgs__rosidl_typesupport_introspection_c.so" to ""
[13.862s] -- Installing: /home/sonia/orbslam3-tello-drone/src/install/tello_msgs/lib/libtello_msgs__rosidl_typesupport_c.so
[13.862s] -- Set runtime path of "/home/sonia/orbslam3-tello-drone/src/install/tello_msgs/lib/libtello_msgs__rosidl_typesupport_c.so" to ""
[13.862s] -- Up-to-date: /home/sonia/orbslam3-tello-drone/src/install/tello_msgs/include/tello_msgs
[13.862s] -- Up-to-date: /home/sonia/orbslam3-tello-drone/src/install/tello_msgs/include/tello_msgs/srv
[13.862s] -- Up-to-date: /home/sonia/orbslam3-tello-drone/src/install/tello_msgs/include/tello_msgs/srv/detail
[13.862s] -- Installing: /home/sonia/orbslam3-tello-drone/src/install/tello_msgs/include/tello_msgs/srv/detail/tello_action__traits.hpp
[13.863s] -- Installing: /home/sonia/orbslam3-tello-drone/src/install/tello_msgs/include/tello_msgs/srv/detail/tello_action__builder.hpp
[13.863s] -- Installing: /home/sonia/orbslam3-tello-drone/src/install/tello_msgs/include/tello_msgs/srv/detail/tello_action__struct.hpp
[13.863s] -- Installing: /home/sonia/orbslam3-tello-drone/src/install/tello_msgs/include/tello_msgs/srv/detail/tello_action__type_support.hpp
[13.863s] -- Installing: /home/sonia/orbslam3-tello-drone/src/install/tello_msgs/include/tello_msgs/srv/tello_action.hpp
[13.863s] -- Up-to-date: /home/sonia/orbslam3-tello-drone/src/install/tello_msgs/include/tello_msgs/msg
[13.863s] -- Installing: /home/sonia/orbslam3-tello-drone/src/install/tello_msgs/include/tello_msgs/msg/flight_data.hpp
[13.864s] -- Installing: /home/sonia/orbslam3-tello-drone/src/install/tello_msgs/include/tello_msgs/msg/rosidl_generator_cpp__visibility_control.hpp
[13.864s] -- Up-to-date: /home/sonia/orbslam3-tello-drone/src/install/tello_msgs/include/tello_msgs/msg/detail
[13.864s] -- Installing: /home/sonia/orbslam3-tello-drone/src/install/tello_msgs/include/tello_msgs/msg/detail/tello_response__builder.hpp
[13.864s] -- Installing: /home/sonia/orbslam3-tello-drone/src/install/tello_msgs/include/tello_msgs/msg/detail/flight_data__traits.hpp
[13.864s] -- Installing: /home/sonia/orbslam3-tello-drone/src/install/tello_msgs/include/tello_msgs/msg/detail/tello_response__struct.hpp
[13.864s] -- Installing: /home/sonia/orbslam3-tello-drone/src/install/tello_msgs/include/tello_msgs/msg/detail/tello_response__type_support.hpp
[13.864s] -- Installing: /home/sonia/orbslam3-tello-drone/src/install/tello_msgs/include/tello_msgs/msg/detail/flight_data__struct.hpp
[13.865s] -- Installing: /home/sonia/orbslam3-tello-drone/src/install/tello_msgs/include/tello_msgs/msg/detail/tello_response__traits.hpp
[13.865s] -- Installing: /home/sonia/orbslam3-tello-drone/src/install/tello_msgs/include/tello_msgs/msg/detail/flight_data__type_support.hpp
[13.865s] -- Installing: /home/sonia/orbslam3-tello-drone/src/install/tello_msgs/include/tello_msgs/msg/detail/flight_data__builder.hpp
[13.865s] -- Installing: /home/sonia/orbslam3-tello-drone/src/install/tello_msgs/include/tello_msgs/msg/tello_response.hpp
[13.865s] -- Up-to-date: /home/sonia/orbslam3-tello-drone/src/install/tello_msgs/include/tello_msgs
[13.865s] -- Up-to-date: /home/sonia/orbslam3-tello-drone/src/install/tello_msgs/include/tello_msgs/srv
[13.865s] -- Up-to-date: /home/sonia/orbslam3-tello-drone/src/install/tello_msgs/include/tello_msgs/srv/detail
[13.866s] -- Installing: /home/sonia/orbslam3-tello-drone/src/install/tello_msgs/include/tello_msgs/srv/detail/tello_action__rosidl_typesupport_introspection_cpp.hpp
[13.866s] -- Installing: /home/sonia/orbslam3-tello-drone/src/install/tello_msgs/include/tello_msgs/srv/detail/tello_action__type_support.cpp
[13.866s] -- Up-to-date: /home/sonia/orbslam3-tello-drone/src/install/tello_msgs/include/tello_msgs/msg
[13.866s] -- Up-to-date: /home/sonia/orbslam3-tello-drone/src/install/tello_msgs/include/tello_msgs/msg/detail
[13.866s] -- Installing: /home/sonia/orbslam3-tello-drone/src/install/tello_msgs/include/tello_msgs/msg/detail/tello_response__rosidl_typesupport_introspection_cpp.hpp
[13.866s] -- Installing: /home/sonia/orbslam3-tello-drone/src/install/tello_msgs/include/tello_msgs/msg/detail/flight_data__rosidl_typesupport_introspection_cpp.hpp
[13.866s] -- Installing: /home/sonia/orbslam3-tello-drone/src/install/tello_msgs/include/tello_msgs/msg/detail/tello_response__type_support.cpp
[13.866s] -- Installing: /home/sonia/orbslam3-tello-drone/src/install/tello_msgs/include/tello_msgs/msg/detail/flight_data__type_support.cpp
[13.866s] -- Installing: /home/sonia/orbslam3-tello-drone/src/install/tello_msgs/lib/libtello_msgs__rosidl_typesupport_introspection_cpp.so
[13.866s] -- Set runtime path of "/home/sonia/orbslam3-tello-drone/src/install/tello_msgs/lib/libtello_msgs__rosidl_typesupport_introspection_cpp.so" to ""
[13.866s] -- Installing: /home/sonia/orbslam3-tello-drone/src/install/tello_msgs/lib/libtello_msgs__rosidl_typesupport_cpp.so
[13.866s] -- Set runtime path of "/home/sonia/orbslam3-tello-drone/src/install/tello_msgs/lib/libtello_msgs__rosidl_typesupport_cpp.so" to ""
[13.866s] -- Installing: /home/sonia/orbslam3-tello-drone/src/install/tello_msgs/share/tello_msgs/environment/pythonpath.sh
[13.867s] -- Installing: /home/sonia/orbslam3-tello-drone/src/install/tello_msgs/share/tello_msgs/environment/pythonpath.dsv
[13.867s] -- Installing: /home/sonia/orbslam3-tello-drone/src/install/tello_msgs/lib/python3.8/site-packages/tello_msgs/__init__.py
[13.924s] Compiling '/home/sonia/orbslam3-tello-drone/src/install/tello_msgs/lib/python3.8/site-packages/tello_msgs/__init__.py'...
[13.931s] -- Installing: /home/sonia/orbslam3-tello-drone/src/install/tello_msgs/lib/python3.8/site-packages/tello_msgs/msg
[13.932s] -- Installing: /home/sonia/orbslam3-tello-drone/src/install/tello_msgs/lib/python3.8/site-packages/tello_msgs/msg/_flight_data_s.c
[13.932s] -- Installing: /home/sonia/orbslam3-tello-drone/src/install/tello_msgs/lib/python3.8/site-packages/tello_msgs/msg/_tello_response.py
[13.932s] -- Installing: /home/sonia/orbslam3-tello-drone/src/install/tello_msgs/lib/python3.8/site-packages/tello_msgs/msg/_flight_data.py
[13.932s] -- Installing: /home/sonia/orbslam3-tello-drone/src/install/tello_msgs/lib/python3.8/site-packages/tello_msgs/msg/__init__.py
[13.932s] -- Installing: /home/sonia/orbslam3-tello-drone/src/install/tello_msgs/lib/python3.8/site-packages/tello_msgs/msg/_tello_response_s.c
[13.933s] -- Installing: /home/sonia/orbslam3-tello-drone/src/install/tello_msgs/lib/python3.8/site-packages/tello_msgs/srv
[13.933s] -- Installing: /home/sonia/orbslam3-tello-drone/src/install/tello_msgs/lib/python3.8/site-packages/tello_msgs/srv/__init__.py
[13.933s] -- Installing: /home/sonia/orbslam3-tello-drone/src/install/tello_msgs/lib/python3.8/site-packages/tello_msgs/srv/_tello_action.py
[13.933s] -- Installing: /home/sonia/orbslam3-tello-drone/src/install/tello_msgs/lib/python3.8/site-packages/tello_msgs/srv/_tello_action_s.c
[13.933s] -- Installing: /home/sonia/orbslam3-tello-drone/src/install/tello_msgs/lib/python3.8/site-packages/tello_msgs/tello_msgs_s__rosidl_typesupport_fastrtps_c.cpython-38-x86_64-linux-gnu.so
[13.934s] -- Set runtime path of "/home/sonia/orbslam3-tello-drone/src/install/tello_msgs/lib/python3.8/site-packages/tello_msgs/tello_msgs_s__rosidl_typesupport_fastrtps_c.cpython-38-x86_64-linux-gnu.so" to ""
[13.935s] -- Installing: /home/sonia/orbslam3-tello-drone/src/install/tello_msgs/lib/python3.8/site-packages/tello_msgs/tello_msgs_s__rosidl_typesupport_introspection_c.cpython-38-x86_64-linux-gnu.so
[13.936s] -- Set runtime path of "/home/sonia/orbslam3-tello-drone/src/install/tello_msgs/lib/python3.8/site-packages/tello_msgs/tello_msgs_s__rosidl_typesupport_introspection_c.cpython-38-x86_64-linux-gnu.so" to ""
[13.936s] -- Installing: /home/sonia/orbslam3-tello-drone/src/install/tello_msgs/lib/python3.8/site-packages/tello_msgs/tello_msgs_s__rosidl_typesupport_c.cpython-38-x86_64-linux-gnu.so
[13.937s] -- Set runtime path of "/home/sonia/orbslam3-tello-drone/src/install/tello_msgs/lib/python3.8/site-packages/tello_msgs/tello_msgs_s__rosidl_typesupport_c.cpython-38-x86_64-linux-gnu.so" to ""
[13.938s] -- Installing: /home/sonia/orbslam3-tello-drone/src/install/tello_msgs/lib/libtello_msgs__python.so
[13.938s] -- Set runtime path of "/home/sonia/orbslam3-tello-drone/src/install/tello_msgs/lib/libtello_msgs__python.so" to ""
[13.939s] -- Installing: /home/sonia/orbslam3-tello-drone/src/install/tello_msgs/share/tello_msgs/msg/FlightData.idl
[13.939s] -- Installing: /home/sonia/orbslam3-tello-drone/src/install/tello_msgs/share/tello_msgs/msg/TelloResponse.idl
[13.940s] -- Installing: /home/sonia/orbslam3-tello-drone/src/install/tello_msgs/share/tello_msgs/srv/TelloAction.idl
[13.940s] -- Installing: /home/sonia/orbslam3-tello-drone/src/install/tello_msgs/share/tello_msgs/msg/FlightData.msg
[13.940s] -- Installing: /home/sonia/orbslam3-tello-drone/src/install/tello_msgs/share/tello_msgs/msg/TelloResponse.msg
[13.940s] -- Installing: /home/sonia/orbslam3-tello-drone/src/install/tello_msgs/share/tello_msgs/srv/TelloAction.srv
[13.940s] -- Installing: /home/sonia/orbslam3-tello-drone/src/install/tello_msgs/share/tello_msgs/srv/TelloAction_Request.msg
[13.940s] -- Installing: /home/sonia/orbslam3-tello-drone/src/install/tello_msgs/share/tello_msgs/srv/TelloAction_Response.msg
[13.941s] -- Installing: /home/sonia/orbslam3-tello-drone/src/install/tello_msgs/share/ament_index/resource_index/package_run_dependencies/tello_msgs
[13.941s] -- Installing: /home/sonia/orbslam3-tello-drone/src/install/tello_msgs/share/ament_index/resource_index/parent_prefix_path/tello_msgs
[13.941s] -- Installing: /home/sonia/orbslam3-tello-drone/src/install/tello_msgs/share/tello_msgs/environment/ament_prefix_path.sh
[13.942s] -- Installing: /home/sonia/orbslam3-tello-drone/src/install/tello_msgs/share/tello_msgs/environment/ament_prefix_path.dsv
[13.942s] -- Installing: /home/sonia/orbslam3-tello-drone/src/install/tello_msgs/share/tello_msgs/environment/path.sh
[13.943s] -- Installing: /home/sonia/orbslam3-tello-drone/src/install/tello_msgs/share/tello_msgs/environment/path.dsv
[13.943s] -- Installing: /home/sonia/orbslam3-tello-drone/src/install/tello_msgs/share/tello_msgs/local_setup.bash
[13.943s] -- Installing: /home/sonia/orbslam3-tello-drone/src/install/tello_msgs/share/tello_msgs/local_setup.sh
[13.943s] -- Installing: /home/sonia/orbslam3-tello-drone/src/install/tello_msgs/share/tello_msgs/local_setup.zsh
[13.944s] -- Installing: /home/sonia/orbslam3-tello-drone/src/install/tello_msgs/share/tello_msgs/local_setup.dsv
[13.944s] -- Installing: /home/sonia/orbslam3-tello-drone/src/install/tello_msgs/share/tello_msgs/package.dsv
[13.944s] -- Installing: /home/sonia/orbslam3-tello-drone/src/install/tello_msgs/share/ament_index/resource_index/packages/tello_msgs
[13.944s] -- Installing: /home/sonia/orbslam3-tello-drone/src/install/tello_msgs/share/tello_msgs/cmake/tello_msgs__rosidl_generator_cExport.cmake
[13.945s] -- Installing: /home/sonia/orbslam3-tello-drone/src/install/tello_msgs/share/tello_msgs/cmake/tello_msgs__rosidl_generator_cExport-noconfig.cmake
[13.945s] -- Installing: /home/sonia/orbslam3-tello-drone/src/install/tello_msgs/share/tello_msgs/cmake/tello_msgs__rosidl_typesupport_introspection_cExport.cmake
[13.945s] -- Installing: /home/sonia/orbslam3-tello-drone/src/install/tello_msgs/share/tello_msgs/cmake/tello_msgs__rosidl_typesupport_introspection_cExport-noconfig.cmake
[13.946s] -- Installing: /home/sonia/orbslam3-tello-drone/src/install/tello_msgs/share/tello_msgs/cmake/tello_msgs__rosidl_typesupport_cExport.cmake
[13.946s] -- Installing: /home/sonia/orbslam3-tello-drone/src/install/tello_msgs/share/tello_msgs/cmake/tello_msgs__rosidl_typesupport_cExport-noconfig.cmake
[13.946s] -- Installing: /home/sonia/orbslam3-tello-drone/src/install/tello_msgs/share/tello_msgs/cmake/tello_msgs__rosidl_generator_cppExport.cmake
[13.947s] -- Installing: /home/sonia/orbslam3-tello-drone/src/install/tello_msgs/share/tello_msgs/cmake/tello_msgs__rosidl_typesupport_introspection_cppExport.cmake
[13.947s] -- Installing: /home/sonia/orbslam3-tello-drone/src/install/tello_msgs/share/tello_msgs/cmake/tello_msgs__rosidl_typesupport_introspection_cppExport-noconfig.cmake
[13.947s] -- Installing: /home/sonia/orbslam3-tello-drone/src/install/tello_msgs/share/tello_msgs/cmake/tello_msgs__rosidl_typesupport_cppExport.cmake
[13.948s] -- Installing: /home/sonia/orbslam3-tello-drone/src/install/tello_msgs/share/tello_msgs/cmake/tello_msgs__rosidl_typesupport_cppExport-noconfig.cmake
[13.948s] -- Installing: /home/sonia/orbslam3-tello-drone/src/install/tello_msgs/share/tello_msgs/cmake/rosidl_cmake-extras.cmake
[13.948s] -- Installing: /home/sonia/orbslam3-tello-drone/src/install/tello_msgs/share/tello_msgs/cmake/ament_cmake_export_dependencies-extras.cmake
[13.948s] -- Installing: /home/sonia/orbslam3-tello-drone/src/install/tello_msgs/share/tello_msgs/cmake/ament_cmake_export_libraries-extras.cmake
[13.949s] -- Installing: /home/sonia/orbslam3-tello-drone/src/install/tello_msgs/share/tello_msgs/cmake/ament_cmake_export_targets-extras.cmake
[13.949s] -- Installing: /home/sonia/orbslam3-tello-drone/src/install/tello_msgs/share/tello_msgs/cmake/ament_cmake_export_include_directories-extras.cmake
[13.949s] -- Installing: /home/sonia/orbslam3-tello-drone/src/install/tello_msgs/share/tello_msgs/cmake/rosidl_cmake_export_typesupport_libraries-extras.cmake
[13.950s] -- Installing: /home/sonia/orbslam3-tello-drone/src/install/tello_msgs/share/tello_msgs/cmake/rosidl_cmake_export_typesupport_targets-extras.cmake
[13.950s] -- Installing: /home/sonia/orbslam3-tello-drone/src/install/tello_msgs/share/tello_msgs/cmake/tello_msgsConfig.cmake
[13.950s] -- Installing: /home/sonia/orbslam3-tello-drone/src/install/tello_msgs/share/tello_msgs/cmake/tello_msgsConfig-version.cmake
[13.950s] -- Installing: /home/sonia/orbslam3-tello-drone/src/install/tello_msgs/share/tello_msgs/package.xml
[13.956s] Invoked command in '/home/sonia/orbslam3-tello-drone/src/build/tello_msgs' returned '0': CMAKE_PREFIX_PATH=/opt/ros/foxy /usr/bin/cmake --install /home/sonia/orbslam3-tello-drone/src/build/tello_msgs
