[0.019s] Invoking command in '/home/sonia/orbslam3-tello-drone/build/tello_driver': AMENT_PREFIX_PATH=/home/sonia/orbslam3-tello-drone/install/tello_msgs:${AMENT_PREFIX_PATH} CMAKE_PREFIX_PATH=/home/sonia/orbslam3-tello-drone/install/tello_msgs:/opt/ros/foxy /usr/bin/cmake --build /home/sonia/orbslam3-tello-drone/build/tello_driver -- -j8 -l8
[0.062s] -- Found ament_cmake: 0.9.12 (/opt/ros/foxy/share/ament_cmake/cmake)
[0.094s] -- Using PYTHON_EXECUTABLE: /usr/bin/python3
[0.463s] -- Found camera_calibration_parsers: 2.4.0 (/opt/ros/foxy/share/camera_calibration_parsers/cmake)
[0.894s] -- Using all available rosidl_typesupport_c: rosidl_typesupport_fastrtps_c;rosidl_typesupport_introspection_c
[0.991s] -- Found rosidl_adapter: 1.3.1 (/opt/ros/foxy/share/rosidl_adapter/cmake)
[1.746s] -- Found OpenSSL: /usr/lib/x86_64-linux-gnu/libcrypto.so (found version "1.1.1f")  
[1.849s] -- Found FastRTPS: /opt/ros/foxy/include  
[2.079s] -- Using all available rosidl_typesupport_cpp: rosidl_typesupport_fastrtps_cpp;rosidl_typesupport_introspection_cpp
[2.344s] -- Found rmw_implementation_cmake: 1.0.4 (/opt/ros/foxy/share/rmw_implementation_cmake/cmake)
[2.349s] -- Using RMW implementation 'rmw_fastrtps_cpp' as default
[2.404s] -- Looking for pthread.h
[2.844s] -- Looking for pthread.h - found
[2.845s] -- Performing Test CMAKE_HAVE_LIBC_PTHREAD
[3.018s] -- Performing Test CMAKE_HAVE_LIBC_PTHREAD - Failed
[3.018s] -- Looking for pthread_create in pthreads
[3.187s] -- Looking for pthread_create in pthreads - not found
[3.187s] -- Looking for pthread_create in pthread
[3.318s] -- Looking for pthread_create in pthread - found
[3.321s] -- Found Threads: TRUE  
[4.132s] -- Setting yaml-cpp_DIR to: '/opt/ros/foxy/share/yaml_cpp_vendor/cmake/../../../opt/yaml_cpp_vendor/lib/cmake/yaml-cpp'
[4.153s] -- Found class_loader: 2.0.3 (/opt/ros/foxy/share/class_loader/cmake)
[4.274s] -- Found cv_bridge: 3.0.7 (/opt/ros/foxy/share/cv_bridge/cmake)
[4.437s] -- Found OpenCV: /usr (found version "4.2.0") 
[4.461s] -- Found rclcpp_components: 2.4.3 (/opt/ros/foxy/share/rclcpp_components/cmake)
[4.619s] CMake Error at CMakeLists.txt:40 (find_package):
[4.619s]   By not providing "Findros2_shared.cmake" in CMAKE_MODULE_PATH this project
[4.620s]   has asked CMake to find a package configuration file provided by
[4.620s]   "ros2_shared", but CMake did not find one.
[4.620s] 
[4.620s]   Could not find a package configuration file provided by "ros2_shared" with
[4.620s]   any of the following names:
[4.620s] 
[4.620s]     ros2_sharedConfig.cmake
[4.620s]     ros2_shared-config.cmake
[4.620s] 
[4.621s]   Add the installation prefix of "ros2_shared" to CMAKE_PREFIX_PATH or set
[4.621s]   "ros2_shared_DIR" to a directory containing one of the above files.  If
[4.621s]   "ros2_shared" provides a separate development package or SDK, be sure it
[4.621s]   has been installed.
[4.621s] 
[4.621s] 
[4.623s] -- Configuring incomplete, errors occurred!
[4.623s] See also "/home/sonia/orbslam3-tello-drone/build/tello_driver/CMakeFiles/CMakeOutput.log".
[4.623s] See also "/home/sonia/orbslam3-tello-drone/build/tello_driver/CMakeFiles/CMakeError.log".
[4.633s] make: *** [Makefile:222: cmake_check_build_system] Error 1
[4.637s] Invoked command in '/home/sonia/orbslam3-tello-drone/build/tello_driver' returned '2': AMENT_PREFIX_PATH=/home/sonia/orbslam3-tello-drone/install/tello_msgs:${AMENT_PREFIX_PATH} CMAKE_PREFIX_PATH=/home/sonia/orbslam3-tello-drone/install/tello_msgs:/opt/ros/foxy /usr/bin/cmake --build /home/sonia/orbslam3-tello-drone/build/tello_driver -- -j8 -l8
